#
# A fatal error has been detected by the Java Runtime Environment:
#
#  SIGSEGV (0xb) at pc=0x00007141fdd2c8b5, pid=163557, tid=163587
#
# JRE version: OpenJDK Runtime Environment (23.0.2) (build 23.0.2)
# Java VM: OpenJDK 64-Bit Server VM (23.0.2, mixed mode, sharing, tiered, compressed oops, compressed class ptrs, g1 gc, linux-amd64)
# Problematic frame:
# V  [libjvm.so+0xb2c8b5]
#
# Core dump will be written. Default location: Core dumps may be processed with "/usr/lib/systemd/systemd-coredump %P %u %g %s %t %c %h" (or dumping to /home/zhabka/Документы/labs/programming/lab5_v2/core.163557)
#
# If you would like to submit a bug report, please visit:
#   https://bugreport.java.com/bugreport/crash.jsp
#

---------------  S U M M A R Y ------------

Command Line: -javaagent:/home/zhabka/apps/idea-IC-243.23654.189/lib/idea_rt.jar=40917:/home/zhabka/apps/idea-IC-243.23654.189/bin -Dfile.encoding=UTF-8 -Dsun.stdout.encoding=UTF-8 -Dsun.stderr.encoding=UTF-8 Main

Host: AMD Ryzen 5 4600H with Radeon Graphics, 12 cores, 14G, Manjaro Linux
Time: Mon Feb 17 01:21:43 2025 MSK elapsed time: 0.034433 seconds (0d 0h 0m 0s)

---------------  T H R E A D  ---------------

Current thread (0x00007141f816c5f0):  JavaThread "C1 CompilerThread0" daemon [_thread_in_vm, id=163587, stack(0x00007141c3cfe000,0x00007141c3dfe000) (1024K)]


Current CompileTask:
C1:34    1       3       java.lang.String::hashCode (60 bytes)

Stack: [0x00007141c3cfe000,0x00007141c3dfe000],  sp=0x00007141c3dfb440,  free space=1013k
Native frames: (J=compiled Java code, j=interpreted, Vv=VM code, C=native code)
V  [libjvm.so+0xb2c8b5]
V  [libjvm.so+0xb3a126]
V  [libjvm.so+0x1201185]
V  [libjvm.so+0x289241]
V  [libjvm.so+0x29dd60]
V  [libjvm.so+0x413d0d]
V  [libjvm.so+0x41906f]
V  [libjvm.so+0x783819]
V  [libjvm.so+0xb6978b]
C  [libc.so.6+0x9570a]

siginfo: si_signo: 11 (SIGSEGV), si_code: 1 (SEGV_MAPERR), si_addr: 0x0000000000000004

Registers:
RAX=0x00000000010003e4, RBX=0x00007141c3dfb500, RCX=0x0000000000000008, RDX=0x00000000000003e4
RSP=0x00007141c3dfb440, RBP=0x00007141c3dfb560, RSI=0x0000000000000001, RDI=0x000000000000028c
R8 =0x00007141e0400528, R9 =0x0000000000000000, R10=0x00000000000003e4, R11=0x000000000000028c
R12=0x0000000000000000, R13=0x00007141e0400008, R14=0x0000714158024c28, R15=0x00007141c3dfb490
RIP=0x00007141fdd2c8b5, EFLAGS=0x0000000000010206, CSGSFS=0x002b000000000033, ERR=0x0000000000000006
  TRAPNO=0x000000000000000e


Register to memory mapping:

RAX=0x00000000010003e4 is an unknown value
RBX=0x00007141c3dfb500 is pointing into the stack for thread: 0x00007141f816c5f0
RCX=0x0000000000000008 is an unknown value
RDX=0x00000000000003e4 is an unknown value
RSP=0x00007141c3dfb440 is pointing into the stack for thread: 0x00007141f816c5f0
RBP=0x00007141c3dfb560 is pointing into the stack for thread: 0x00007141f816c5f0
RSI=0x0000000000000001 is an unknown value
RDI=0x000000000000028c is an unknown value
R8 =0x00007141e0400528 is at entry_point+950 in (nmethod*)0x00007141e0400008
Compiled method (c1) 35    1       3       java.lang.String::hashCode (60 bytes)
 total in heap  [0x00007141e0400008,0x00007141e0400590] = 1416
 relocation     [0x00007141e04000e0,0x00007141e0400160] = 128
 main code      [0x00007141e0400160,0x00007141e0400528] = 968
 stub code      [0x00007141e0400528,0x00007141e0400570] = 72
 metadata       [0x00007141e0400570,0x00007141e0400590] = 32
 immutable data [0x000071415c022ca0,0x000071415c022dd0] = 304
 dependencies   [0x000071415c022ca0,0x000071415c022cb0] = 16
 nul chk table  [0x000071415c022cb0,0x000071415c022cc8] = 24
 scopes pcs     [0x000071415c022cc8,0x000071415c022d68] = 160
 scopes data    [0x000071415c022d68,0x000071415c022dd0] = 104
R9 =0x0 is null
R10=0x00000000000003e4 is an unknown value
R11=0x000000000000028c is an unknown value
R12=0x0 is null
R13=0x00007141e0400008 is at entry_point+-362 in (nmethod*)0x00007141e0400008
Compiled method (c1) 36    1       3       java.lang.String::hashCode (60 bytes)
 total in heap  [0x00007141e0400008,0x00007141e0400590] = 1416
 relocation     [0x00007141e04000e0,0x00007141e0400160] = 128
 main code      [0x00007141e0400160,0x00007141e0400528] = 968
 stub code      [0x00007141e0400528,0x00007141e0400570] = 72
 metadata       [0x00007141e0400570,0x00007141e0400590] = 32
 immutable data [0x000071415c022ca0,0x000071415c022dd0] = 304
 dependencies   [0x000071415c022ca0,0x000071415c022cb0] = 16
 nul chk table  [0x000071415c022cb0,0x000071415c022cc8] = 24
 scopes pcs     [0x000071415c022cc8,0x000071415c022d68] = 160
 scopes data    [0x000071415c022d68,0x000071415c022dd0] = 104
R14=0x0000714158024c28 points into unknown readable memory: 0x0000000000000000 | 00 00 00 00 00 00 00 00
R15=0x00007141c3dfb490 is pointing into the stack for thread: 0x00007141f816c5f0

Top of Stack: (sp=0x00007141c3dfb440)
0x00007141c3dfb440:   00007141c3dfb390 00007141e0400528
0x00007141c3dfb450:   0000000000000000 00007141e0400570
0x00007141c3dfb460:   00007141e0400570 00000002c3dfb490
0x00007141c3dfb470:   0000000000000001 000071415804dbe0
0x00007141c3dfb480:   00007141c3dfb560 00007141fe30f186
0x00007141c3dfb490:   0000000000000000 00007141e040010a
0x00007141c3dfb4a0:   00007141e0400160 00007141e0400008
0x00007141c3dfb4b0:   00007141e04003ec 000071410000009c
0x00007141c3dfb4c0:   00007141e0400154 00007141fe6a0000
0x00007141c3dfb4d0:   00007141e0400160 00007141e0400160
0x00007141c3dfb4e0:   00007141e0400528 00007141e0400160
0x00007141c3dfb4f0:   00007141e0400528 00007141e0400570
0x00007141c3dfb500:   00007141fe6c5ac0 00007141c3dfb490
0x00007141c3dfb510:   0000000000000010 0000000000000020
0x00007141c3dfb520:   0000000000000000 00007141c3dfb5c0
0x00007141c3dfb530:   00007141c3dfb560 00000000000000fc
0x00007141c3dfb540:   0000000000000000 00007141c3dfb5c0
0x00007141c3dfb550:   00007141f816ce78 00007141e0400008
0x00007141c3dfb560:   00007141c3dfb630 00007141fdd3a126
0x00007141c3dfb570:   010071415c015a88 ffffffff00000048
0x00007141c3dfb580:   00007141c3dfb720 000071415c022ca0
0x00007141c3dfb590:   00007141fe7689f8 0000000300000001
0x00007141c3dfb5a0:   0000000000000588 00007141f816ce18
0x00007141c3dfb5b0:   0000714158024ba8 0000000000000009
0x00007141c3dfb5c0:   0000000300000001 00007141fdd6cb26
0x00007141c3dfb5d0:   0000000000000000 0000714182183350
0x00007141c3dfb5e0:   00007141c3dfb690 00007141fd650504
0x00007141c3dfb5f0:   fffffffd01dfb668 0000000000000001
0x00007141c3dfb600:   0000000000000008 00007141f816c5f0
0x00007141c3dfb610:   00007141c3dfb720 00007141fe768878
0x00007141c3dfb620:   00007141fe769d78 00007141c3dfc060
0x00007141c3dfb630:   00007141c3dfb790 00007141fe401185 

Instructions: (pc=0x00007141fdd2c8b5)
0x00007141fdd2c7b5:   de 4d 63 e2 48 8b 8d 38 ff ff ff e9 21 fe ff ff
0x00007141fdd2c7c5:   0f 1f 00 48 83 c1 04 f6 c6 04 0f 84 7b 01 00 00
0x00007141fdd2c7d5:   48 89 8d 60 ff ff ff 0f b7 10 66 81 e2 ff 03 66
0x00007141fdd2c7e5:   89 95 68 ff ff ff 83 c2 01 0f b7 d2 48 8d 04 50
0x00007141fdd2c7f5:   48 89 85 38 ff ff ff e9 16 fe ff ff 0f 1f 80 00
0x00007141fdd2c805:   00 00 00 0f b6 05 59 b2 a3 00 84 c0 0f 84 21 02
0x00007141fdd2c815:   00 00 48 8d 05 22 b2 a3 00 48 8b 10 48 89 c7 48
0x00007141fdd2c825:   89 de ff 52 10 49 8b 75 08 49 63 45 24 4c 89 7d
0x00007141fdd2c835:   a8 4c 8b 9d 50 ff ff ff 45 31 c9 48 63 0e 41 81
0x00007141fdd2c845:   3b 0f 1f 84 00 4d 89 da 4d 0f 44 cb 4c 01 e8 4d
0x00007141fdd2c855:   29 ea 49 29 c3 44 89 df 85 c9 0f 8e 93 00 00 00
0x00007141fdd2c865:   31 c0 eb 20 66 66 2e 0f 1f 84 00 00 00 00 00 66
0x00007141fdd2c875:   66 2e 0f 1f 84 00 00 00 00 00 90 48 83 c0 01 48
0x00007141fdd2c885:   39 c8 74 6f 8b 54 c6 08 39 d7 7f ef 41 39 d3 75
0x00007141fdd2c895:   62 89 c6 44 89 d2 3d ff 00 00 00 0f 8f 82 00 00
0x00007141fdd2c8a5:   00 41 81 fa ff ff ff 00 77 79 c1 e0 18 44 09 d0
0x00007141fdd2c8b5:   41 89 41 04 48 8b 8d 38 ff ff ff e9 21 fd ff ff
0x00007141fdd2c8c5:   0f 1f 00 44 0f bf 0a 0f b7 4a 02 41 c1 e1 10 41
0x00007141fdd2c8d5:   01 c9 0f bf 4a 04 83 f8 03 0f 84 9c fe ff ff 0f
0x00007141fdd2c8e5:   b7 42 06 c1 e1 10 01 c1 e9 8e fe ff ff 66 0f 1f
0x00007141fdd2c8f5:   44 00 00 48 8b 05 f9 46 9f 00 48 85 c0 74 3e 44
0x00007141fdd2c905:   89 d2 4c 89 ee 48 8d 3d c7 a6 72 00 31 c0 e8 58
0x00007141fdd2c915:   37 8a ff 48 8b 8d 38 ff ff ff e9 c2 fc ff ff 0f
0x00007141fdd2c925:   1f 40 00 48 8b 05 c9 46 9f 00 48 85 c0 74 0e 48
0x00007141fdd2c935:   8d 3d d6 3f 77 00 31 c0 e8 2e 37 8a ff 48 8b 8d
0x00007141fdd2c945:   38 ff ff ff e9 98 fc ff ff 66 90 48 8d 85 58 ff
0x00007141fdd2c955:   ff ff 66 81 e2 ff 03 be 01 00 00 00 48 89 8d 38
0x00007141fdd2c965:   ff ff ff 48 89 85 60 ff ff ff 48 89 c8 66 89 95
0x00007141fdd2c975:   58 ff ff ff 66 89 b5 68 ff ff ff e9 92 fc ff ff
0x00007141fdd2c985:   0f 1f 00 48 8d 3d 39 5e 9f 00 ff 15 f3 72 9b 00
0x00007141fdd2c995:   48 8d 3d 2c 5e 9f 00 89 c2 48 8d 05 fb 5d 9f 00
0x00007141fdd2c9a5:   85 d2 0f 84 89 fd ff ff 48 89 85 00 ff ff ff 48 


Stack slot to memory mapping:

stack at sp + 0 slots: 0x00007141c3dfb390 is pointing into the stack for thread: 0x00007141f816c5f0
stack at sp + 1 slots: 0x00007141e0400528 is at entry_point+950 in (nmethod*)0x00007141e0400008
Compiled method (c1) 42    1       3       java.lang.String::hashCode (60 bytes)
 total in heap  [0x00007141e0400008,0x00007141e0400590] = 1416
 relocation     [0x00007141e04000e0,0x00007141e0400160] = 128
 main code      [0x00007141e0400160,0x00007141e0400528] = 968
 stub code      [0x00007141e0400528,0x00007141e0400570] = 72
 metadata       [0x00007141e0400570,0x00007141e0400590] = 32
 immutable data [0x000071415c022ca0,0x000071415c022dd0] = 304
 dependencies   [0x000071415c022ca0,0x000071415c022cb0] = 16
 nul chk table  [0x000071415c022cb0,0x000071415c022cc8] = 24
 scopes pcs     [0x000071415c022cc8,0x000071415c022d68] = 160
 scopes data    [0x000071415c022d68,0x000071415c022dd0] = 104
stack at sp + 2 slots: 0x0 is null
stack at sp + 3 slots: 0x00007141e0400570 is at entry_point+1022 in (nmethod*)0x00007141e0400008
Compiled method (c1) 42    1       3       java.lang.String::hashCode (60 bytes)
 total in heap  [0x00007141e0400008,0x00007141e0400590] = 1416
 relocation     [0x00007141e04000e0,0x00007141e0400160] = 128
 main code      [0x00007141e0400160,0x00007141e0400528] = 968
 stub code      [0x00007141e0400528,0x00007141e0400570] = 72
 metadata       [0x00007141e0400570,0x00007141e0400590] = 32
 immutable data [0x000071415c022ca0,0x000071415c022dd0] = 304
 dependencies   [0x000071415c022ca0,0x000071415c022cb0] = 16
 nul chk table  [0x000071415c022cb0,0x000071415c022cc8] = 24
 scopes pcs     [0x000071415c022cc8,0x000071415c022d68] = 160
 scopes data    [0x000071415c022d68,0x000071415c022dd0] = 104
stack at sp + 4 slots: 0x00007141e0400570 is at entry_point+1022 in (nmethod*)0x00007141e0400008
Compiled method (c1) 42    1       3       java.lang.String::hashCode (60 bytes)
 total in heap  [0x00007141e0400008,0x00007141e0400590] = 1416
 relocation     [0x00007141e04000e0,0x00007141e0400160] = 128
 main code      [0x00007141e0400160,0x00007141e0400528] = 968
 stub code      [0x00007141e0400528,0x00007141e0400570] = 72
 metadata       [0x00007141e0400570,0x00007141e0400590] = 32
 immutable data [0x000071415c022ca0,0x000071415c022dd0] = 304
 dependencies   [0x000071415c022ca0,0x000071415c022cb0] = 16
 nul chk table  [0x000071415c022cb0,0x000071415c022cc8] = 24
 scopes pcs     [0x000071415c022cc8,0x000071415c022d68] = 160
 scopes data    [0x000071415c022d68,0x000071415c022dd0] = 104
stack at sp + 5 slots: 0x00000002c3dfb490 is an unknown value
stack at sp + 6 slots: 0x0000000000000001 is an unknown value
stack at sp + 7 slots: 0x000071415804dbe0 points into unknown readable memory: 0x0000000a00000000 | 00 00 00 00 0a 00 00 00

Lock stack of current Java thread (top to bottom):


---------------  P R O C E S S  ---------------

Threads class SMR info:
_java_thread_list=0x00007141f816db30, length=8, elements={
0x00007141f80199a0, 0x00007141f815ba10, 0x00007141f815cf90, 0x00007141f815e7b0,
0x00007141f815fe00, 0x00007141f81613b0, 0x00007141f8162ee0, 0x00007141f816c5f0
}

Java Threads: ( => current thread )
  0x00007141f80199a0 JavaThread "main"                              [_thread_blocked, id=163564, stack(0x00007141fd0d2000,0x00007141fd1d2000) (1024K)]
  0x00007141f815ba10 JavaThread "Reference Handler"          daemon [_thread_blocked, id=163581, stack(0x00007141d86f2000,0x00007141d87f2000) (1024K)]
  0x00007141f815cf90 JavaThread "Finalizer"                  daemon [_thread_blocked, id=163582, stack(0x00007141d8300000,0x00007141d8400000) (1024K)]
  0x00007141f815e7b0 JavaThread "Signal Dispatcher"          daemon [_thread_blocked, id=163583, stack(0x00007141d81ff000,0x00007141d82ff000) (1024K)]
  0x00007141f815fe00 JavaThread "Service Thread"             daemon [_thread_blocked, id=163584, stack(0x00007141d80fe000,0x00007141d81fe000) (1024K)]
  0x00007141f81613b0 JavaThread "Monitor Deflation Thread"   daemon [_thread_blocked, id=163585, stack(0x00007141c3f00000,0x00007141c4000000) (1024K)]
  0x00007141f8162ee0 JavaThread "C2 CompilerThread0"         daemon [_thread_in_vm, id=163586, stack(0x00007141c3dff000,0x00007141c3eff000) (1024K)]
=>0x00007141f816c5f0 JavaThread "C1 CompilerThread0"         daemon [_thread_in_vm, id=163587, stack(0x00007141c3cfe000,0x00007141c3dfe000) (1024K)]
Total: 8

Other Threads:
  0x00007141f81511c0 VMThread "VM Thread"                           [id=163574, stack(0x00007141d87f3000,0x00007141d88f3000) (1024K)]
  0x00007141f813f090 WatcherThread "VM Periodic Task Thread"        [id=163572, stack(0x00007141d88f4000,0x00007141d89f4000) (1024K)]
  0x00007141f807fcc0 WorkerThread "GC Thread#0"                     [id=163565, stack(0x00007141fc0a4000,0x00007141fc1a4000) (1024K)]
  0x00007141f8093f60 ConcurrentGCThread "G1 Main Marker"            [id=163566, stack(0x00007141f7f00000,0x00007141f8000000) (1024K)]
  0x00007141f8094f10 WorkerThread "G1 Conc#0"                       [id=163567, stack(0x00007141db700000,0x00007141db800000) (1024K)]
  0x00007141f812ca30 ConcurrentGCThread "G1 Refine#0"               [id=163568, stack(0x00007141d8af6000,0x00007141d8bf6000) (1024K)]
  0x00007141f812da00 ConcurrentGCThread "G1 Service"                [id=163569, stack(0x00007141d89f5000,0x00007141d8af5000) (1024K)]
Total: 7

Threads with active compile tasks:
C1 CompilerThread0  44    1       3       java.lang.String::hashCode (60 bytes)
Total: 1

VM state: not at safepoint (normal execution)

VM Mutex/Monitor currently owned by a thread:  ([mutex/lock_event])
[0x00007141fe769d78] MethodCompileQueue_lock - owner thread: 0x00007141f816c5f0
[0x00007141fe7689f8] CodeCache_lock - owner thread: 0x00007141f816c5f0
[0x00007141fe768878] Compile_lock - owner thread: 0x00007141f816c5f0

Heap address: 0x0000000710000000, size: 3840 MB, Compressed Oops mode: Zero based, Oop shift amount: 3

CDS archive(s) mapped at: [0x0000714182000000-0x0000714182d8e000-0x0000714182d8e000), size 14213120, SharedBaseAddress: 0x0000714182000000, ArchiveRelocationMode: 1.
Compressed class space mapped at: 0x0000714183000000-0x00007141c3000000, reserved size: 1073741824
Narrow klass base: 0x0000714182000000, Narrow klass shift: 0, Narrow klass range: 0x100000000

GC Precious Log:
 CardTable entry size: 512
 Card Set container configuration: InlinePtr #cards 4 size 8 Array Of Cards #cards 16 size 48 Howl #buckets 8 coarsen threshold 3686 Howl Bitmap #cards 512 size 80 coarsen threshold 460 Card regions per heap region 1 cards per card region 4096
 CPUs: 12 total, 12 available
 Memory: 15356M
 Large Page Support: Disabled
 NUMA Support: Disabled
 Compressed Oops: Enabled (Zero based)
 Heap Region Size: 2M
 Heap Min Capacity: 8M
 Heap Initial Capacity: 240M
 Heap Max Capacity: 3840M
 Pre-touch: Disabled
 Parallel Workers: 10
 Concurrent Workers: 3
 Concurrent Refinement Workers: 10
 Periodic GC: Disabled

Heap:
 garbage-first heap   total reserved 3932160K, committed 247808K, used 1145K [0x0000000710000000, 0x0000000800000000)
  region size 2048K, 1 young (2048K), 0 survivors (0K)
 Metaspace       used 35K, committed 128K, reserved 1114112K
  class space    used 0K, committed 64K, reserved 1048576K

Heap Regions: E=young(eden), S=young(survivor), O=old, HS=humongous(starts), HC=humongous(continues), CS=collection set, F=free, TAMS=top-at-mark-start, PB=parsable bottom
|   0|0x0000000710000000, 0x0000000710000000, 0x0000000710200000|  0%| F|  |TAMS 0x0000000710000000| PB 0x0000000710000000| Untracked |  0
|   1|0x0000000710200000, 0x0000000710200000, 0x0000000710400000|  0%| F|  |TAMS 0x0000000710200000| PB 0x0000000710200000| Untracked |  0
|   2|0x0000000710400000, 0x0000000710400000, 0x0000000710600000|  0%| F|  |TAMS 0x0000000710400000| PB 0x0000000710400000| Untracked |  0
|   3|0x0000000710600000, 0x0000000710600000, 0x0000000710800000|  0%| F|  |TAMS 0x0000000710600000| PB 0x0000000710600000| Untracked |  0
|   4|0x0000000710800000, 0x0000000710800000, 0x0000000710a00000|  0%| F|  |TAMS 0x0000000710800000| PB 0x0000000710800000| Untracked |  0
|   5|0x0000000710a00000, 0x0000000710a00000, 0x0000000710c00000|  0%| F|  |TAMS 0x0000000710a00000| PB 0x0000000710a00000| Untracked |  0
|   6|0x0000000710c00000, 0x0000000710c00000, 0x0000000710e00000|  0%| F|  |TAMS 0x0000000710c00000| PB 0x0000000710c00000| Untracked |  0
|   7|0x0000000710e00000, 0x0000000710e00000, 0x0000000711000000|  0%| F|  |TAMS 0x0000000710e00000| PB 0x0000000710e00000| Untracked |  0
|   8|0x0000000711000000, 0x0000000711000000, 0x0000000711200000|  0%| F|  |TAMS 0x0000000711000000| PB 0x0000000711000000| Untracked |  0
|   9|0x0000000711200000, 0x0000000711200000, 0x0000000711400000|  0%| F|  |TAMS 0x0000000711200000| PB 0x0000000711200000| Untracked |  0
|  10|0x0000000711400000, 0x0000000711400000, 0x0000000711600000|  0%| F|  |TAMS 0x0000000711400000| PB 0x0000000711400000| Untracked |  0
|  11|0x0000000711600000, 0x0000000711600000, 0x0000000711800000|  0%| F|  |TAMS 0x0000000711600000| PB 0x0000000711600000| Untracked |  0
|  12|0x0000000711800000, 0x0000000711800000, 0x0000000711a00000|  0%| F|  |TAMS 0x0000000711800000| PB 0x0000000711800000| Untracked |  0
|  13|0x0000000711a00000, 0x0000000711a00000, 0x0000000711c00000|  0%| F|  |TAMS 0x0000000711a00000| PB 0x0000000711a00000| Untracked |  0
|  14|0x0000000711c00000, 0x0000000711c00000, 0x0000000711e00000|  0%| F|  |TAMS 0x0000000711c00000| PB 0x0000000711c00000| Untracked |  0
|  15|0x0000000711e00000, 0x0000000711e00000, 0x0000000712000000|  0%| F|  |TAMS 0x0000000711e00000| PB 0x0000000711e00000| Untracked |  0
|  16|0x0000000712000000, 0x0000000712000000, 0x0000000712200000|  0%| F|  |TAMS 0x0000000712000000| PB 0x0000000712000000| Untracked |  0
|  17|0x0000000712200000, 0x0000000712200000, 0x0000000712400000|  0%| F|  |TAMS 0x0000000712200000| PB 0x0000000712200000| Untracked |  0
|  18|0x0000000712400000, 0x0000000712400000, 0x0000000712600000|  0%| F|  |TAMS 0x0000000712400000| PB 0x0000000712400000| Untracked |  0
|  19|0x0000000712600000, 0x0000000712600000, 0x0000000712800000|  0%| F|  |TAMS 0x0000000712600000| PB 0x0000000712600000| Untracked |  0
|  20|0x0000000712800000, 0x0000000712800000, 0x0000000712a00000|  0%| F|  |TAMS 0x0000000712800000| PB 0x0000000712800000| Untracked |  0
|  21|0x0000000712a00000, 0x0000000712a00000, 0x0000000712c00000|  0%| F|  |TAMS 0x0000000712a00000| PB 0x0000000712a00000| Untracked |  0
|  22|0x0000000712c00000, 0x0000000712c00000, 0x0000000712e00000|  0%| F|  |TAMS 0x0000000712c00000| PB 0x0000000712c00000| Untracked |  0
|  23|0x0000000712e00000, 0x0000000712e00000, 0x0000000713000000|  0%| F|  |TAMS 0x0000000712e00000| PB 0x0000000712e00000| Untracked |  0
|  24|0x0000000713000000, 0x0000000713000000, 0x0000000713200000|  0%| F|  |TAMS 0x0000000713000000| PB 0x0000000713000000| Untracked |  0
|  25|0x0000000713200000, 0x0000000713200000, 0x0000000713400000|  0%| F|  |TAMS 0x0000000713200000| PB 0x0000000713200000| Untracked |  0
|  26|0x0000000713400000, 0x0000000713400000, 0x0000000713600000|  0%| F|  |TAMS 0x0000000713400000| PB 0x0000000713400000| Untracked |  0
|  27|0x0000000713600000, 0x0000000713600000, 0x0000000713800000|  0%| F|  |TAMS 0x0000000713600000| PB 0x0000000713600000| Untracked |  0
|  28|0x0000000713800000, 0x0000000713800000, 0x0000000713a00000|  0%| F|  |TAMS 0x0000000713800000| PB 0x0000000713800000| Untracked |  0
|  29|0x0000000713a00000, 0x0000000713a00000, 0x0000000713c00000|  0%| F|  |TAMS 0x0000000713a00000| PB 0x0000000713a00000| Untracked |  0
|  30|0x0000000713c00000, 0x0000000713c00000, 0x0000000713e00000|  0%| F|  |TAMS 0x0000000713c00000| PB 0x0000000713c00000| Untracked |  0
|  31|0x0000000713e00000, 0x0000000713e00000, 0x0000000714000000|  0%| F|  |TAMS 0x0000000713e00000| PB 0x0000000713e00000| Untracked |  0
|  32|0x0000000714000000, 0x0000000714000000, 0x0000000714200000|  0%| F|  |TAMS 0x0000000714000000| PB 0x0000000714000000| Untracked |  0
|  33|0x0000000714200000, 0x0000000714200000, 0x0000000714400000|  0%| F|  |TAMS 0x0000000714200000| PB 0x0000000714200000| Untracked |  0
|  34|0x0000000714400000, 0x0000000714400000, 0x0000000714600000|  0%| F|  |TAMS 0x0000000714400000| PB 0x0000000714400000| Untracked |  0
|  35|0x0000000714600000, 0x0000000714600000, 0x0000000714800000|  0%| F|  |TAMS 0x0000000714600000| PB 0x0000000714600000| Untracked |  0
|  36|0x0000000714800000, 0x0000000714800000, 0x0000000714a00000|  0%| F|  |TAMS 0x0000000714800000| PB 0x0000000714800000| Untracked |  0
|  37|0x0000000714a00000, 0x0000000714a00000, 0x0000000714c00000|  0%| F|  |TAMS 0x0000000714a00000| PB 0x0000000714a00000| Untracked |  0
|  38|0x0000000714c00000, 0x0000000714c00000, 0x0000000714e00000|  0%| F|  |TAMS 0x0000000714c00000| PB 0x0000000714c00000| Untracked |  0
|  39|0x0000000714e00000, 0x0000000714e00000, 0x0000000715000000|  0%| F|  |TAMS 0x0000000714e00000| PB 0x0000000714e00000| Untracked |  0
|  40|0x0000000715000000, 0x0000000715000000, 0x0000000715200000|  0%| F|  |TAMS 0x0000000715000000| PB 0x0000000715000000| Untracked |  0
|  41|0x0000000715200000, 0x0000000715200000, 0x0000000715400000|  0%| F|  |TAMS 0x0000000715200000| PB 0x0000000715200000| Untracked |  0
|  42|0x0000000715400000, 0x0000000715400000, 0x0000000715600000|  0%| F|  |TAMS 0x0000000715400000| PB 0x0000000715400000| Untracked |  0
|  43|0x0000000715600000, 0x0000000715600000, 0x0000000715800000|  0%| F|  |TAMS 0x0000000715600000| PB 0x0000000715600000| Untracked |  0
|  44|0x0000000715800000, 0x0000000715800000, 0x0000000715a00000|  0%| F|  |TAMS 0x0000000715800000| PB 0x0000000715800000| Untracked |  0
|  45|0x0000000715a00000, 0x0000000715a00000, 0x0000000715c00000|  0%| F|  |TAMS 0x0000000715a00000| PB 0x0000000715a00000| Untracked |  0
|  46|0x0000000715c00000, 0x0000000715c00000, 0x0000000715e00000|  0%| F|  |TAMS 0x0000000715c00000| PB 0x0000000715c00000| Untracked |  0
|  47|0x0000000715e00000, 0x0000000715e00000, 0x0000000716000000|  0%| F|  |TAMS 0x0000000715e00000| PB 0x0000000715e00000| Untracked |  0
|  48|0x0000000716000000, 0x0000000716000000, 0x0000000716200000|  0%| F|  |TAMS 0x0000000716000000| PB 0x0000000716000000| Untracked |  0
|  49|0x0000000716200000, 0x0000000716200000, 0x0000000716400000|  0%| F|  |TAMS 0x0000000716200000| PB 0x0000000716200000| Untracked |  0
|  50|0x0000000716400000, 0x0000000716400000, 0x0000000716600000|  0%| F|  |TAMS 0x0000000716400000| PB 0x0000000716400000| Untracked |  0
|  51|0x0000000716600000, 0x0000000716600000, 0x0000000716800000|  0%| F|  |TAMS 0x0000000716600000| PB 0x0000000716600000| Untracked |  0
|  52|0x0000000716800000, 0x0000000716800000, 0x0000000716a00000|  0%| F|  |TAMS 0x0000000716800000| PB 0x0000000716800000| Untracked |  0
|  53|0x0000000716a00000, 0x0000000716a00000, 0x0000000716c00000|  0%| F|  |TAMS 0x0000000716a00000| PB 0x0000000716a00000| Untracked |  0
|  54|0x0000000716c00000, 0x0000000716c00000, 0x0000000716e00000|  0%| F|  |TAMS 0x0000000716c00000| PB 0x0000000716c00000| Untracked |  0
|  55|0x0000000716e00000, 0x0000000716e00000, 0x0000000717000000|  0%| F|  |TAMS 0x0000000716e00000| PB 0x0000000716e00000| Untracked |  0
|  56|0x0000000717000000, 0x0000000717000000, 0x0000000717200000|  0%| F|  |TAMS 0x0000000717000000| PB 0x0000000717000000| Untracked |  0
|  57|0x0000000717200000, 0x0000000717200000, 0x0000000717400000|  0%| F|  |TAMS 0x0000000717200000| PB 0x0000000717200000| Untracked |  0
|  58|0x0000000717400000, 0x0000000717400000, 0x0000000717600000|  0%| F|  |TAMS 0x0000000717400000| PB 0x0000000717400000| Untracked |  0
|  59|0x0000000717600000, 0x0000000717600000, 0x0000000717800000|  0%| F|  |TAMS 0x0000000717600000| PB 0x0000000717600000| Untracked |  0
|  60|0x0000000717800000, 0x0000000717800000, 0x0000000717a00000|  0%| F|  |TAMS 0x0000000717800000| PB 0x0000000717800000| Untracked |  0
|  61|0x0000000717a00000, 0x0000000717a00000, 0x0000000717c00000|  0%| F|  |TAMS 0x0000000717a00000| PB 0x0000000717a00000| Untracked |  0
|  62|0x0000000717c00000, 0x0000000717c00000, 0x0000000717e00000|  0%| F|  |TAMS 0x0000000717c00000| PB 0x0000000717c00000| Untracked |  0
|  63|0x0000000717e00000, 0x0000000717e00000, 0x0000000718000000|  0%| F|  |TAMS 0x0000000717e00000| PB 0x0000000717e00000| Untracked |  0
|  64|0x0000000718000000, 0x0000000718000000, 0x0000000718200000|  0%| F|  |TAMS 0x0000000718000000| PB 0x0000000718000000| Untracked |  0
|  65|0x0000000718200000, 0x0000000718200000, 0x0000000718400000|  0%| F|  |TAMS 0x0000000718200000| PB 0x0000000718200000| Untracked |  0
|  66|0x0000000718400000, 0x0000000718400000, 0x0000000718600000|  0%| F|  |TAMS 0x0000000718400000| PB 0x0000000718400000| Untracked |  0
|  67|0x0000000718600000, 0x0000000718600000, 0x0000000718800000|  0%| F|  |TAMS 0x0000000718600000| PB 0x0000000718600000| Untracked |  0
|  68|0x0000000718800000, 0x0000000718800000, 0x0000000718a00000|  0%| F|  |TAMS 0x0000000718800000| PB 0x0000000718800000| Untracked |  0
|  69|0x0000000718a00000, 0x0000000718a00000, 0x0000000718c00000|  0%| F|  |TAMS 0x0000000718a00000| PB 0x0000000718a00000| Untracked |  0
|  70|0x0000000718c00000, 0x0000000718c00000, 0x0000000718e00000|  0%| F|  |TAMS 0x0000000718c00000| PB 0x0000000718c00000| Untracked |  0
|  71|0x0000000718e00000, 0x0000000718e00000, 0x0000000719000000|  0%| F|  |TAMS 0x0000000718e00000| PB 0x0000000718e00000| Untracked |  0
|  72|0x0000000719000000, 0x0000000719000000, 0x0000000719200000|  0%| F|  |TAMS 0x0000000719000000| PB 0x0000000719000000| Untracked |  0
|  73|0x0000000719200000, 0x0000000719200000, 0x0000000719400000|  0%| F|  |TAMS 0x0000000719200000| PB 0x0000000719200000| Untracked |  0
|  74|0x0000000719400000, 0x0000000719400000, 0x0000000719600000|  0%| F|  |TAMS 0x0000000719400000| PB 0x0000000719400000| Untracked |  0
|  75|0x0000000719600000, 0x0000000719600000, 0x0000000719800000|  0%| F|  |TAMS 0x0000000719600000| PB 0x0000000719600000| Untracked |  0
|  76|0x0000000719800000, 0x0000000719800000, 0x0000000719a00000|  0%| F|  |TAMS 0x0000000719800000| PB 0x0000000719800000| Untracked |  0
|  77|0x0000000719a00000, 0x0000000719a00000, 0x0000000719c00000|  0%| F|  |TAMS 0x0000000719a00000| PB 0x0000000719a00000| Untracked |  0
|  78|0x0000000719c00000, 0x0000000719c00000, 0x0000000719e00000|  0%| F|  |TAMS 0x0000000719c00000| PB 0x0000000719c00000| Untracked |  0
|  79|0x0000000719e00000, 0x0000000719e00000, 0x000000071a000000|  0%| F|  |TAMS 0x0000000719e00000| PB 0x0000000719e00000| Untracked |  0
|  80|0x000000071a000000, 0x000000071a000000, 0x000000071a200000|  0%| F|  |TAMS 0x000000071a000000| PB 0x000000071a000000| Untracked |  0
|  81|0x000000071a200000, 0x000000071a200000, 0x000000071a400000|  0%| F|  |TAMS 0x000000071a200000| PB 0x000000071a200000| Untracked |  0
|  82|0x000000071a400000, 0x000000071a400000, 0x000000071a600000|  0%| F|  |TAMS 0x000000071a400000| PB 0x000000071a400000| Untracked |  0
|  83|0x000000071a600000, 0x000000071a600000, 0x000000071a800000|  0%| F|  |TAMS 0x000000071a600000| PB 0x000000071a600000| Untracked |  0
|  84|0x000000071a800000, 0x000000071a800000, 0x000000071aa00000|  0%| F|  |TAMS 0x000000071a800000| PB 0x000000071a800000| Untracked |  0
|  85|0x000000071aa00000, 0x000000071aa00000, 0x000000071ac00000|  0%| F|  |TAMS 0x000000071aa00000| PB 0x000000071aa00000| Untracked |  0
|  86|0x000000071ac00000, 0x000000071ac00000, 0x000000071ae00000|  0%| F|  |TAMS 0x000000071ac00000| PB 0x000000071ac00000| Untracked |  0
|  87|0x000000071ae00000, 0x000000071ae00000, 0x000000071b000000|  0%| F|  |TAMS 0x000000071ae00000| PB 0x000000071ae00000| Untracked |  0
|  88|0x000000071b000000, 0x000000071b000000, 0x000000071b200000|  0%| F|  |TAMS 0x000000071b000000| PB 0x000000071b000000| Untracked |  0
|  89|0x000000071b200000, 0x000000071b200000, 0x000000071b400000|  0%| F|  |TAMS 0x000000071b200000| PB 0x000000071b200000| Untracked |  0
|  90|0x000000071b400000, 0x000000071b400000, 0x000000071b600000|  0%| F|  |TAMS 0x000000071b400000| PB 0x000000071b400000| Untracked |  0
|  91|0x000000071b600000, 0x000000071b600000, 0x000000071b800000|  0%| F|  |TAMS 0x000000071b600000| PB 0x000000071b600000| Untracked |  0
|  92|0x000000071b800000, 0x000000071b800000, 0x000000071ba00000|  0%| F|  |TAMS 0x000000071b800000| PB 0x000000071b800000| Untracked |  0
|  93|0x000000071ba00000, 0x000000071ba00000, 0x000000071bc00000|  0%| F|  |TAMS 0x000000071ba00000| PB 0x000000071ba00000| Untracked |  0
|  94|0x000000071bc00000, 0x000000071bc00000, 0x000000071be00000|  0%| F|  |TAMS 0x000000071bc00000| PB 0x000000071bc00000| Untracked |  0
|  95|0x000000071be00000, 0x000000071be00000, 0x000000071c000000|  0%| F|  |TAMS 0x000000071be00000| PB 0x000000071be00000| Untracked |  0
|  96|0x000000071c000000, 0x000000071c000000, 0x000000071c200000|  0%| F|  |TAMS 0x000000071c000000| PB 0x000000071c000000| Untracked |  0
|  97|0x000000071c200000, 0x000000071c200000, 0x000000071c400000|  0%| F|  |TAMS 0x000000071c200000| PB 0x000000071c200000| Untracked |  0
|  98|0x000000071c400000, 0x000000071c400000, 0x000000071c600000|  0%| F|  |TAMS 0x000000071c400000| PB 0x000000071c400000| Untracked |  0
|  99|0x000000071c600000, 0x000000071c600000, 0x000000071c800000|  0%| F|  |TAMS 0x000000071c600000| PB 0x000000071c600000| Untracked |  0
| 100|0x000000071c800000, 0x000000071c800000, 0x000000071ca00000|  0%| F|  |TAMS 0x000000071c800000| PB 0x000000071c800000| Untracked |  0
| 101|0x000000071ca00000, 0x000000071ca00000, 0x000000071cc00000|  0%| F|  |TAMS 0x000000071ca00000| PB 0x000000071ca00000| Untracked |  0
| 102|0x000000071cc00000, 0x000000071cc00000, 0x000000071ce00000|  0%| F|  |TAMS 0x000000071cc00000| PB 0x000000071cc00000| Untracked |  0
| 103|0x000000071ce00000, 0x000000071ce00000, 0x000000071d000000|  0%| F|  |TAMS 0x000000071ce00000| PB 0x000000071ce00000| Untracked |  0
| 104|0x000000071d000000, 0x000000071d000000, 0x000000071d200000|  0%| F|  |TAMS 0x000000071d000000| PB 0x000000071d000000| Untracked |  0
| 105|0x000000071d200000, 0x000000071d200000, 0x000000071d400000|  0%| F|  |TAMS 0x000000071d200000| PB 0x000000071d200000| Untracked |  0
| 106|0x000000071d400000, 0x000000071d400000, 0x000000071d600000|  0%| F|  |TAMS 0x000000071d400000| PB 0x000000071d400000| Untracked |  0
| 107|0x000000071d600000, 0x000000071d600000, 0x000000071d800000|  0%| F|  |TAMS 0x000000071d600000| PB 0x000000071d600000| Untracked |  0
| 108|0x000000071d800000, 0x000000071d800000, 0x000000071da00000|  0%| F|  |TAMS 0x000000071d800000| PB 0x000000071d800000| Untracked |  0
| 109|0x000000071da00000, 0x000000071da00000, 0x000000071dc00000|  0%| F|  |TAMS 0x000000071da00000| PB 0x000000071da00000| Untracked |  0
| 110|0x000000071dc00000, 0x000000071dc00000, 0x000000071de00000|  0%| F|  |TAMS 0x000000071dc00000| PB 0x000000071dc00000| Untracked |  0
| 111|0x000000071de00000, 0x000000071de00000, 0x000000071e000000|  0%| F|  |TAMS 0x000000071de00000| PB 0x000000071de00000| Untracked |  0
| 112|0x000000071e000000, 0x000000071e000000, 0x000000071e200000|  0%| F|  |TAMS 0x000000071e000000| PB 0x000000071e000000| Untracked |  0
| 113|0x000000071e200000, 0x000000071e200000, 0x000000071e400000|  0%| F|  |TAMS 0x000000071e200000| PB 0x000000071e200000| Untracked |  0
| 114|0x000000071e400000, 0x000000071e400000, 0x000000071e600000|  0%| F|  |TAMS 0x000000071e400000| PB 0x000000071e400000| Untracked |  0
| 115|0x000000071e600000, 0x000000071e600000, 0x000000071e800000|  0%| F|  |TAMS 0x000000071e600000| PB 0x000000071e600000| Untracked |  0
| 116|0x000000071e800000, 0x000000071e800000, 0x000000071ea00000|  0%| F|  |TAMS 0x000000071e800000| PB 0x000000071e800000| Untracked |  0
| 117|0x000000071ea00000, 0x000000071ea00000, 0x000000071ec00000|  0%| F|  |TAMS 0x000000071ea00000| PB 0x000000071ea00000| Untracked |  0
| 118|0x000000071ec00000, 0x000000071ec00000, 0x000000071ee00000|  0%| F|  |TAMS 0x000000071ec00000| PB 0x000000071ec00000| Untracked |  0
| 119|0x000000071ee00000, 0x000000071eef5c40, 0x000000071f000000| 48%| E|  |TAMS 0x000000071ee00000| PB 0x000000071ee00000| Complete |  0
|1919|0x00000007ffe00000, 0x00000007fff1e648, 0x0000000800000000| 55%| O|  |TAMS 0x00000007ffe00000| PB 0x00000007ffe00000| Untracked |  0

Card table byte_map: [0x00007141df500000,0x00007141dfc80000] _byte_map_base: 0x00007141dbc80000

Marking Bits: (CMBitMap*) 0x00007141f8080800
 Bits: [0x00007141db800000, 0x00007141df400000)

Polling page: 0x00007141feac4000

Metaspace:

Usage:
  Non-class:     34.58 KB used.
      Class:   1008 bytes used.
       Both:     35.56 KB used.

Virtual space:
  Non-class space:       64.00 MB reserved,      64.00 KB ( <1%) committed,  1 nodes.
      Class space:        1.00 GB reserved,      64.00 KB ( <1%) committed,  1 nodes.
             Both:        1.06 GB reserved,     128.00 KB ( <1%) committed. 

Chunk freelists:
   Non-Class:  12.00 MB
       Class:  15.75 MB
        Both:  27.75 MB

MaxMetaspaceSize: unlimited
CompressedClassSpaceSize: 1.00 GB
Initial GC threshold: 21.00 MB
Current GC threshold: 21.00 MB
CDS: on
 - commit_granule_bytes: 65536.
 - commit_granule_words: 8192.
 - virtual_space_node_default_size: 8388608.
 - enlarge_chunks_in_place: 1.
 - use_allocation_guard: 0.


Internal statistics:

num_allocs_failed_limit: 0.
num_arena_births: 2.
num_arena_deaths: 0.
num_vsnodes_births: 2.
num_vsnodes_deaths: 0.
num_space_committed: 2.
num_space_uncommitted: 0.
num_chunks_returned_to_freelist: 0.
num_chunks_taken_from_freelist: 3.
num_chunk_merges: 0.
num_chunk_splits: 2.
num_chunks_enlarged: 0.
num_inconsistent_stats: 0.

CodeHeap 'non-profiled nmethods': size=120032Kb used=1Kb max_used=1Kb free=120030Kb
 bounds [0x00007141e7ec8000, 0x00007141e8138000, 0x00007141ef400000]
CodeHeap 'profiled nmethods': size=120028Kb used=1Kb max_used=1Kb free=120026Kb
 bounds [0x00007141e0400000, 0x00007141e0670000, 0x00007141e7937000]
CodeHeap 'non-nmethods': size=5700Kb used=1124Kb max_used=1138Kb free=4575Kb
 bounds [0x00007141e7937000, 0x00007141e7ba7000, 0x00007141e7ec8000]
CodeCache: size=245760Kb, used=1126Kb, max_used=1140Kb, free=244631Kb
 total_blobs=275, nmethods=1, adapters=194, full_count=0
Compilation: enabled, stopped_count=0, restarted_count=0

Compilation events (1 events):
Event: 0.033 Thread 0x00007141f816c5f0    1       3       java.lang.String::hashCode (60 bytes)

GC Heap History (0 events):
No events

Dll operation events (2 events):
Event: 0.002 Loaded shared library /usr/lib/jvm/java-23-openjdk/lib/libjava.so
Event: 0.031 Loaded shared library /usr/lib/jvm/java-23-openjdk/lib/libjsvml.so

Deoptimization events (0 events):
No events

Classes loaded (0 events):
No events

Classes unloaded (0 events):
No events

Classes redefined (0 events):
No events

Internal exceptions (0 events):
No events

VM Operations (0 events):
No events

Memory protections (8 events):
Event: 0.002 Protecting memory [0x00007141fd0d2000,0x00007141fd0d6000] with protection modes 0
Event: 0.029 Protecting memory [0x00007141d86f2000,0x00007141d86f6000] with protection modes 0
Event: 0.029 Protecting memory [0x00007141d8300000,0x00007141d8304000] with protection modes 0
Event: 0.029 Protecting memory [0x00007141d81ff000,0x00007141d8203000] with protection modes 0
Event: 0.030 Protecting memory [0x00007141d80fe000,0x00007141d8102000] with protection modes 0
Event: 0.030 Protecting memory [0x00007141c3f00000,0x00007141c3f04000] with protection modes 0
Event: 0.030 Protecting memory [0x00007141c3dff000,0x00007141c3e03000] with protection modes 0
Event: 0.030 Protecting memory [0x00007141c3cfe000,0x00007141c3d02000] with protection modes 0

Nmethod flushes (0 events):
No events

Events (8 events):
Event: 0.018 Thread 0x00007141f80199a0 Thread added: 0x00007141f80199a0
Event: 0.029 Thread 0x00007141f80199a0 Thread added: 0x00007141f815ba10
Event: 0.029 Thread 0x00007141f80199a0 Thread added: 0x00007141f815cf90
Event: 0.029 Thread 0x00007141f80199a0 Thread added: 0x00007141f815e7b0
Event: 0.030 Thread 0x00007141f80199a0 Thread added: 0x00007141f815fe00
Event: 0.030 Thread 0x00007141f80199a0 Thread added: 0x00007141f81613b0
Event: 0.030 Thread 0x00007141f80199a0 Thread added: 0x00007141f8162ee0
Event: 0.030 Thread 0x00007141f80199a0 Thread added: 0x00007141f816c5f0


Dynamic libraries:
710000000-71f000000 rw-p 00000000 00:00 0 
71f000000-7ffe00000 ---p 00000000 00:00 0 
7ffe00000-7fff1f000 rw-p 00dbd000 103:05 2109307                         /usr/lib/jvm/java-23-openjdk/lib/server/classes.jsa
7fff1f000-800000000 rw-p 00000000 00:00 0 
61f9a054b000-61f9a054c000 r--p 00000000 103:05 2109033                   /usr/lib/jvm/java-23-openjdk/bin/java
61f9a054c000-61f9a054d000 r-xp 00001000 103:05 2109033                   /usr/lib/jvm/java-23-openjdk/bin/java
61f9a054d000-61f9a054e000 r--p 00002000 103:05 2109033                   /usr/lib/jvm/java-23-openjdk/bin/java
61f9a054e000-61f9a054f000 r--p 00002000 103:05 2109033                   /usr/lib/jvm/java-23-openjdk/bin/java
61f9a054f000-61f9a0550000 rw-p 00003000 103:05 2109033                   /usr/lib/jvm/java-23-openjdk/bin/java
61f9a56f6000-61f9a573e000 rw-p 00000000 00:00 0                          [heap]
714158000000-71415806f000 rw-p 00000000 00:00 0 
71415806f000-71415c000000 ---p 00000000 00:00 0 
71415c000000-71415c047000 rw-p 00000000 00:00 0 
71415c047000-714160000000 ---p 00000000 00:00 0 
714160000000-714160021000 rw-p 00000000 00:00 0 
714160021000-714164000000 ---p 00000000 00:00 0 
714164000000-714164021000 rw-p 00000000 00:00 0 
714164021000-714168000000 ---p 00000000 00:00 0 
714168000000-714168021000 rw-p 00000000 00:00 0 
714168021000-71416c000000 ---p 00000000 00:00 0 
71416c000000-71416c021000 rw-p 00000000 00:00 0 
71416c021000-714170000000 ---p 00000000 00:00 0 
714170000000-714170021000 rw-p 00000000 00:00 0 
714170021000-714174000000 ---p 00000000 00:00 0 
714174000000-714174021000 rw-p 00000000 00:00 0 
714174021000-714178000000 ---p 00000000 00:00 0 
714178000000-714178010000 rw-p 00000000 00:00 0 
714178010000-71417c000000 ---p 00000000 00:00 0 
71417c000000-71417c021000 rw-p 00000000 00:00 0 
71417c021000-714180000000 ---p 00000000 00:00 0 
714182000000-714182d8e000 rw-p 00001000 103:05 2109307                   /usr/lib/jvm/java-23-openjdk/lib/server/classes.jsa
714182d8e000-714183040000 ---p 00000000 00:00 0 
714183040000-714183050000 rw-p 00000000 00:00 0 
714183050000-7141c3000000 ---p 00000000 00:00 0 
7141c3cfd000-7141c3cfe000 ---p 00000000 00:00 0 
7141c3cfe000-7141c3d02000 ---p 00000000 00:00 0 
7141c3d02000-7141c3dfe000 rw-p 00000000 00:00 0 
7141c3dfe000-7141c3dff000 ---p 00000000 00:00 0 
7141c3dff000-7141c3e03000 ---p 00000000 00:00 0 
7141c3e03000-7141c3eff000 rw-p 00000000 00:00 0 
7141c3eff000-7141c3f00000 ---p 00000000 00:00 0 
7141c3f00000-7141c3f04000 ---p 00000000 00:00 0 
7141c3f04000-7141c4000000 rw-p 00000000 00:00 0 
7141c4000000-7141c4021000 rw-p 00000000 00:00 0 
7141c4021000-7141c8000000 ---p 00000000 00:00 0 
7141c8000000-7141c8021000 rw-p 00000000 00:00 0 
7141c8021000-7141cc000000 ---p 00000000 00:00 0 
7141cc000000-7141cc021000 rw-p 00000000 00:00 0 
7141cc021000-7141d0000000 ---p 00000000 00:00 0 
7141d0000000-7141d0021000 rw-p 00000000 00:00 0 
7141d0021000-7141d4000000 ---p 00000000 00:00 0 
7141d4000000-7141d4021000 rw-p 00000000 00:00 0 
7141d4021000-7141d8000000 ---p 00000000 00:00 0 
7141d80fd000-7141d80fe000 ---p 00000000 00:00 0 
7141d80fe000-7141d8102000 ---p 00000000 00:00 0 
7141d8102000-7141d81fe000 rw-p 00000000 00:00 0 
7141d81fe000-7141d81ff000 ---p 00000000 00:00 0 
7141d81ff000-7141d8203000 ---p 00000000 00:00 0 
7141d8203000-7141d82ff000 rw-p 00000000 00:00 0 
7141d82ff000-7141d8300000 ---p 00000000 00:00 0 
7141d8300000-7141d8304000 ---p 00000000 00:00 0 
7141d8304000-7141d8400000 rw-p 00000000 00:00 0 
7141d8400000-7141d86ed000 r--p 00000000 103:05 1332511                   /usr/lib/locale/locale-archive
7141d86f1000-7141d86f2000 ---p 00000000 00:00 0 
7141d86f2000-7141d86f6000 ---p 00000000 00:00 0 
7141d86f6000-7141d87f2000 rw-p 00000000 00:00 0 
7141d87f2000-7141d87f3000 ---p 00000000 00:00 0 
7141d87f3000-7141d88f3000 rw-p 00000000 00:00 0 
7141d88f3000-7141d88f4000 ---p 00000000 00:00 0 
7141d88f4000-7141d89f4000 rw-p 00000000 00:00 0 
7141d89f4000-7141d89f5000 ---p 00000000 00:00 0 
7141d89f5000-7141d8af5000 rw-p 00000000 00:00 0 
7141d8af5000-7141d8af6000 ---p 00000000 00:00 0 
7141d8af6000-7141d8bf6000 rw-p 00000000 00:00 0 
7141d8bf6000-7141db600000 rw-p 00000000 00:00 0 
7141db62e000-7141db633000 r--p 00000000 103:05 2109281                   /usr/lib/jvm/java-23-openjdk/lib/libjsvml.so
7141db633000-7141db674000 r-xp 00005000 103:05 2109281                   /usr/lib/jvm/java-23-openjdk/lib/libjsvml.so
7141db674000-7141db6fd000 r--p 00046000 103:05 2109281                   /usr/lib/jvm/java-23-openjdk/lib/libjsvml.so
7141db6fd000-7141db6fe000 r--p 000ce000 103:05 2109281                   /usr/lib/jvm/java-23-openjdk/lib/libjsvml.so
7141db6fe000-7141db6ff000 rw-p 000cf000 103:05 2109281                   /usr/lib/jvm/java-23-openjdk/lib/libjsvml.so
7141db6ff000-7141db700000 ---p 00000000 00:00 0 
7141db700000-7141db800000 rw-p 00000000 00:00 0 
7141db800000-7141dbbc0000 rw-p 00000000 00:00 0 
7141dbbc0000-7141df3f8000 ---p 00000000 00:00 0 
7141df3f8000-7141df400000 rw-p 00000000 00:00 0 
7141df47f000-7141df578000 rw-p 00000000 00:00 0 
7141df578000-7141dfc7f000 ---p 00000000 00:00 0 
7141dfc7f000-7141dfcf8000 rw-p 00000000 00:00 0 
7141dfcf8000-7141e03ff000 ---p 00000000 00:00 0 
7141e03ff000-7141e0400000 rw-p 00000000 00:00 0 
7141e0400000-7141e0670000 rwxp 00000000 00:00 0 
7141e0670000-7141e7937000 ---p 00000000 00:00 0 
7141e7937000-7141e7ba7000 rwxp 00000000 00:00 0 
7141e7ba7000-7141e7ec8000 ---p 00000000 00:00 0 
7141e7ec8000-7141e8138000 rwxp 00000000 00:00 0 
7141e8138000-7141ef400000 ---p 00000000 00:00 0 
7141ef400000-7141f7eb5000 r--s 00000000 103:05 2109298                   /usr/lib/jvm/java-23-openjdk/lib/modules
7141f7eff000-7141f7f00000 ---p 00000000 00:00 0 
7141f7f00000-7141f8000000 rw-p 00000000 00:00 0 
7141f8000000-7141f8170000 rw-p 00000000 00:00 0 
7141f8170000-7141fc000000 ---p 00000000 00:00 0 
7141fc007000-7141fc0a3000 rw-p 00000000 00:00 0 
7141fc0a3000-7141fc0a4000 ---p 00000000 00:00 0 
7141fc0a4000-7141fc1a4000 rw-p 00000000 00:00 0 
7141fc1a4000-7141fcc2f000 rw-p 00000000 00:00 0 
7141fcc2f000-7141fcd15000 ---p 00000000 00:00 0 
7141fcd15000-7141fcd1a000 rw-p 00000000 00:00 0 
7141fcd1a000-7141fce00000 ---p 00000000 00:00 0 
7141fce00000-7141fce97000 r--p 00000000 103:05 1318111                   /usr/lib/libstdc++.so.6.0.33
7141fce97000-7141fcfe4000 r-xp 00097000 103:05 1318111                   /usr/lib/libstdc++.so.6.0.33
7141fcfe4000-7141fd074000 r--p 001e4000 103:05 1318111                   /usr/lib/libstdc++.so.6.0.33
7141fd074000-7141fd081000 r--p 00274000 103:05 1318111                   /usr/lib/libstdc++.so.6.0.33
7141fd081000-7141fd082000 rw-p 00281000 103:05 1318111                   /usr/lib/libstdc++.so.6.0.33
7141fd082000-7141fd086000 rw-p 00000000 00:00 0 
7141fd0b3000-7141fd0bd000 r--p 00000000 103:05 2109273                   /usr/lib/jvm/java-23-openjdk/lib/libjava.so
7141fd0bd000-7141fd0ca000 r-xp 0000a000 103:05 2109273                   /usr/lib/jvm/java-23-openjdk/lib/libjava.so
7141fd0ca000-7141fd0cf000 r--p 00017000 103:05 2109273                   /usr/lib/jvm/java-23-openjdk/lib/libjava.so
7141fd0cf000-7141fd0d0000 r--p 0001b000 103:05 2109273                   /usr/lib/jvm/java-23-openjdk/lib/libjava.so
7141fd0d0000-7141fd0d1000 rw-p 0001c000 103:05 2109273                   /usr/lib/jvm/java-23-openjdk/lib/libjava.so
7141fd0d1000-7141fd0d2000 rw-p 00000000 00:00 0 
7141fd0d2000-7141fd0d6000 ---p 00000000 00:00 0 
7141fd0d6000-7141fd1d2000 rw-p 00000000 00:00 0 
7141fd1d2000-7141fd1d6000 r--p 00000000 103:05 1316076                   /usr/lib/libgcc_s.so.1
7141fd1d6000-7141fd1fa000 r-xp 00004000 103:05 1316076                   /usr/lib/libgcc_s.so.1
7141fd1fa000-7141fd1fe000 r--p 00028000 103:05 1316076                   /usr/lib/libgcc_s.so.1
7141fd1fe000-7141fd1ff000 r--p 0002b000 103:05 1316076                   /usr/lib/libgcc_s.so.1
7141fd1ff000-7141fd200000 rw-p 0002c000 103:05 1316076                   /usr/lib/libgcc_s.so.1
7141fd200000-7141fd20e000 r--p 00000000 103:05 2109310                   /usr/lib/jvm/java-23-openjdk/lib/server/libjvm.so
7141fd20e000-7141fe416000 r-xp 0000e000 103:05 2109310                   /usr/lib/jvm/java-23-openjdk/lib/server/libjvm.so
7141fe416000-7141fe615000 r--p 01216000 103:05 2109310                   /usr/lib/jvm/java-23-openjdk/lib/server/libjvm.so
7141fe615000-7141fe6e4000 r--p 01414000 103:05 2109310                   /usr/lib/jvm/java-23-openjdk/lib/server/libjvm.so
7141fe6e4000-7141fe70e000 rw-p 014e3000 103:05 2109310                   /usr/lib/jvm/java-23-openjdk/lib/server/libjvm.so
7141fe70e000-7141fe784000 rw-p 00000000 00:00 0 
7141fe791000-7141fe798000 r--s 00000000 103:05 1332512                   /usr/lib/gconv/gconv-modules.cache
7141fe798000-7141fe7a7000 r--p 00000000 103:05 1323329                   /usr/lib/libm.so.6
7141fe7a7000-7141fe82d000 r-xp 0000f000 103:05 1323329                   /usr/lib/libm.so.6
7141fe82d000-7141fe88e000 r--p 00095000 103:05 1323329                   /usr/lib/libm.so.6
7141fe88e000-7141fe88f000 r--p 000f5000 103:05 1323329                   /usr/lib/libm.so.6
7141fe88f000-7141fe890000 rw-p 000f6000 103:05 1323329                   /usr/lib/libm.so.6
7141fe890000-7141fe893000 rw-p 00000000 00:00 0 
7141fe893000-7141fe896000 r--p 00000000 103:05 1318165                   /usr/lib/libz.so.1.3.1
7141fe896000-7141fe8a4000 r-xp 00003000 103:05 1318165                   /usr/lib/libz.so.1.3.1
7141fe8a4000-7141fe8aa000 r--p 00011000 103:05 1318165                   /usr/lib/libz.so.1.3.1
7141fe8aa000-7141fe8ab000 r--p 00017000 103:05 1318165                   /usr/lib/libz.so.1.3.1
7141fe8ab000-7141fe8ac000 rw-p 00018000 103:05 1318165                   /usr/lib/libz.so.1.3.1
7141fe8ac000-7141fe8d0000 r--p 00000000 103:05 1323317                   /usr/lib/libc.so.6
7141fe8d0000-7141fea41000 r-xp 00024000 103:05 1323317                   /usr/lib/libc.so.6
7141fea41000-7141fea90000 r--p 00195000 103:05 1323317                   /usr/lib/libc.so.6
7141fea90000-7141fea94000 r--p 001e3000 103:05 1323317                   /usr/lib/libc.so.6
7141fea94000-7141fea96000 rw-p 001e7000 103:05 1323317                   /usr/lib/libc.so.6
7141fea96000-7141fea9e000 rw-p 00000000 00:00 0 
7141feaa2000-7141feaa7000 rw-p 00000000 00:00 0 
7141feaa7000-7141feaae000 ---p 00000000 00:00 0 
7141feaae000-7141feab6000 rw-s 00000000 00:23 7201                       /tmp/hsperfdata_zhabka/163557
7141feab6000-7141feab8000 r--p 00000000 103:05 2109268                   /usr/lib/jvm/java-23-openjdk/lib/libinstrument.so
7141feab8000-7141feabf000 r-xp 00002000 103:05 2109268                   /usr/lib/jvm/java-23-openjdk/lib/libinstrument.so
7141feabf000-7141feac2000 r--p 00009000 103:05 2109268                   /usr/lib/jvm/java-23-openjdk/lib/libinstrument.so
7141feac2000-7141feac3000 r--p 0000b000 103:05 2109268                   /usr/lib/jvm/java-23-openjdk/lib/libinstrument.so
7141feac3000-7141feac4000 rw-p 0000c000 103:05 2109268                   /usr/lib/jvm/java-23-openjdk/lib/libinstrument.so
7141feac4000-7141feac5000 ---p 00000000 00:00 0 
7141feac5000-7141feac6000 r--p 00000000 00:00 0 
7141feac6000-7141feac7000 ---p 00000000 00:00 0 
7141feac7000-7141feac8000 r--p 00000000 103:05 2109277                   /usr/lib/jvm/java-23-openjdk/lib/libjimage.so
7141feac8000-7141feaca000 r-xp 00001000 103:05 2109277                   /usr/lib/jvm/java-23-openjdk/lib/libjimage.so
7141feaca000-7141feacb000 r--p 00003000 103:05 2109277                   /usr/lib/jvm/java-23-openjdk/lib/libjimage.so
7141feacb000-7141feacc000 r--p 00003000 103:05 2109277                   /usr/lib/jvm/java-23-openjdk/lib/libjimage.so
7141feacc000-7141feacd000 rw-p 00004000 103:05 2109277                   /usr/lib/jvm/java-23-openjdk/lib/libjimage.so
7141feacd000-7141feacf000 r--p 00000000 103:05 2109278                   /usr/lib/jvm/java-23-openjdk/lib/libjli.so
7141feacf000-7141fead9000 r-xp 00002000 103:05 2109278                   /usr/lib/jvm/java-23-openjdk/lib/libjli.so
7141fead9000-7141feadc000 r--p 0000c000 103:05 2109278                   /usr/lib/jvm/java-23-openjdk/lib/libjli.so
7141feadc000-7141feadd000 r--p 0000e000 103:05 2109278                   /usr/lib/jvm/java-23-openjdk/lib/libjli.so
7141feadd000-7141feade000 rw-p 0000f000 103:05 2109278                   /usr/lib/jvm/java-23-openjdk/lib/libjli.so
7141feade000-7141feae0000 rw-p 00000000 00:00 0 
7141feae0000-7141feae4000 r--p 00000000 00:00 0                          [vvar]
7141feae4000-7141feae6000 r-xp 00000000 00:00 0                          [vdso]
7141feae6000-7141feae7000 r--p 00000000 103:05 1323307                   /usr/lib/ld-linux-x86-64.so.2
7141feae7000-7141feb10000 r-xp 00001000 103:05 1323307                   /usr/lib/ld-linux-x86-64.so.2
7141feb10000-7141feb1b000 r--p 0002a000 103:05 1323307                   /usr/lib/ld-linux-x86-64.so.2
7141feb1b000-7141feb1d000 r--p 00035000 103:05 1323307                   /usr/lib/ld-linux-x86-64.so.2
7141feb1d000-7141feb1e000 rw-p 00037000 103:05 1323307                   /usr/lib/ld-linux-x86-64.so.2
7141feb1e000-7141feb1f000 rw-p 00000000 00:00 0 
7ffccdf22000-7ffccdf44000 rw-p 00000000 00:00 0                          [stack]
ffffffffff600000-ffffffffff601000 --xp 00000000 00:00 0                  [vsyscall]
Total number of mappings: 183


VM Arguments:
jvm_args: -javaagent:/home/zhabka/apps/idea-IC-243.23654.189/lib/idea_rt.jar=40917:/home/zhabka/apps/idea-IC-243.23654.189/bin -Dfile.encoding=UTF-8 -Dsun.stdout.encoding=UTF-8 -Dsun.stderr.encoding=UTF-8 
java_command: Main
java_class_path (initial): /home/zhabka/Документы/labs/programming/lab5_v2/target/classes
Launcher Type: SUN_STANDARD

[Global flags]
     intx CICompilerCount                          = 4                                         {product} {ergonomic}
     uint ConcGCThreads                            = 3                                         {product} {ergonomic}
     uint G1ConcRefinementThreads                  = 10                                        {product} {ergonomic}
   size_t G1HeapRegionSize                         = 2097152                                   {product} {ergonomic}
   size_t InitialHeapSize                          = 251658240                                 {product} {ergonomic}
   size_t MarkStackSize                            = 4194304                                   {product} {ergonomic}
   size_t MarkStackSizeMax                         = 536870912                                 {product} {ergonomic}
   size_t MaxHeapSize                              = 4026531840                                {product} {ergonomic}
   size_t MaxNewSize                               = 2415919104                                {product} {ergonomic}
   size_t MinHeapDeltaBytes                        = 2097152                                   {product} {ergonomic}
   size_t MinHeapSize                              = 8388608                                   {product} {ergonomic}
    uintx NonNMethodCodeHeapSize                   = 5836800                                {pd product} {ergonomic}
    uintx NonProfiledCodeHeapSize                  = 122912768                              {pd product} {ergonomic}
    uintx ProfiledCodeHeapSize                     = 122908672                              {pd product} {ergonomic}
    uintx ReservedCodeCacheSize                    = 251658240                              {pd product} {ergonomic}
     bool SegmentedCodeCache                       = true                                      {product} {ergonomic}
   size_t SoftMaxHeapSize                          = 4026531840                             {manageable} {ergonomic}
     bool UseCompressedOops                        = true                           {product lp64_product} {ergonomic}
     bool UseG1GC                                  = true                                      {product} {ergonomic}

Logging:
Log output configuration:
 #0: stdout all=warning uptime,level,tags foldmultilines=false
 #1: stderr all=off uptime,level,tags foldmultilines=false

Environment Variables:
PATH=/home/zhabka/apps/apache-maven-3.9.9/bin:/home/zhabka/apps/gradle-8.12.1/bin:/home/zhabka/apps/idea-IC-243.23654.189/bin:/home/zhabka/apps/VSCode-linux-x64/bin:/home/zhabka/apps/gradle-8.12.1/bin:/home/zhabka/apps/idea-IC-243.23654.189/bin:/home/zhabka/apps/VSCode-linux-x64/bin:/home/zhabka/.local/bin:/usr/local/sbin:/usr/local/bin:/usr/bin:/usr/lib/jvm/default/bin:/usr/bin/site_perl:/usr/bin/vendor_perl:/usr/bin/core_perl:/home/zhabka/.lmstudio/bin:/home/zhabka/.lmstudio/bin
SHELL=/bin/bash
DISPLAY=:0
LANG=en_US.UTF-8
LC_NUMERIC=en_US.UTF-8
LC_TIME=en_US.UTF-8
TERM=xterm-256color

Active Locale:
LC_ALL=LC_CTYPE=en_US.UTF-8;LC_NUMERIC=en_US.UTF-8;LC_TIME=en_US.UTF-8;LC_COLLATE=en_US.UTF-8;LC_MONETARY=en_US.UTF-8;LC_MESSAGES=en_US.UTF-8;LC_PAPER=en_US.UTF-8;LC_NAME=en_US.UTF-8;LC_ADDRESS=en_US.UTF-8;LC_TELEPHONE=en_US.UTF-8;LC_MEASUREMENT=en_US.UTF-8;LC_IDENTIFICATION=ru_RU.UTF-8
LC_COLLATE=en_US.UTF-8
LC_CTYPE=en_US.UTF-8
LC_MESSAGES=en_US.UTF-8
LC_MONETARY=en_US.UTF-8
LC_NUMERIC=en_US.UTF-8
LC_TIME=en_US.UTF-8

Signal Handlers:
   SIGSEGV: 0x00007141fe050ff0 in libjvm.so+15011824, mask=11100100010111111101111111111110, flags=SA_RESTART|SA_SIGINFO, unblocked
    SIGBUS: 0x00007141fe050ff0 in libjvm.so+15011824, mask=11100100010111111101111111111110, flags=SA_RESTART|SA_SIGINFO, unblocked
    SIGFPE: 0x00007141fe050ff0 in libjvm.so+15011824, mask=11100100010111111101111111111110, flags=SA_RESTART|SA_SIGINFO, unblocked
   SIGPIPE: 0x00007141fdef1270 in libjvm.so+13570672, mask=11100100010111111101111111111110, flags=SA_RESTART|SA_SIGINFO, blocked
   SIGXFSZ: 0x00007141fdef1270 in libjvm.so+13570672, mask=11100100010111111101111111111110, flags=SA_RESTART|SA_SIGINFO, blocked
    SIGILL: 0x00007141fe050ff0 in libjvm.so+15011824, mask=11100100010111111101111111111110, flags=SA_RESTART|SA_SIGINFO, unblocked
   SIGUSR2: 0x00007141fdefd1f0 in libjvm.so+13619696, mask=00000000000000000000000000000000, flags=SA_RESTART|SA_SIGINFO, blocked
    SIGHUP: 0x00007141fdee96a0 in libjvm.so+13538976, mask=11100100010111111101111111111110, flags=SA_RESTART|SA_SIGINFO, blocked
    SIGINT: 0x00007141fdee96a0 in libjvm.so+13538976, mask=11100100010111111101111111111110, flags=SA_RESTART|SA_SIGINFO, blocked
   SIGTERM: 0x00007141fdee96a0 in libjvm.so+13538976, mask=11100100010111111101111111111110, flags=SA_RESTART|SA_SIGINFO, blocked
   SIGQUIT: 0x00007141fdee96a0 in libjvm.so+13538976, mask=11100100010111111101111111111110, flags=SA_RESTART|SA_SIGINFO, blocked
   SIGTRAP: 0x00007141fe050ff0 in libjvm.so+15011824, mask=11100100010111111101111111111110, flags=SA_RESTART|SA_SIGINFO, unblocked


Periodic native trim disabled

---------------  S Y S T E M  ---------------

OS:
DISTRIB_ID="ManjaroLinux"
DISTRIB_RELEASE="25.0.0"
DISTRIB_CODENAME="Zetar"
DISTRIB_DESCRIPTION="Manjaro Linux"
uname: Linux 6.12.11-1-MANJARO #1 SMP PREEMPT_DYNAMIC Thu, 23 Jan 2025 20:29:02 +0000 x86_64
OS uptime: 0 days 11:36 hours
libc: glibc 2.41 NPTL 2.41 
rlimit (soft/hard): STACK 8192k/infinity , CORE infinity/infinity , NPROC 60885/60885 , NOFILE 524288/524288 , AS infinity/infinity , CPU infinity/infinity , DATA infinity/infinity , FSIZE infinity/infinity , MEMLOCK 8192k/8192k
load average: 2.15 1.81 1.35

/proc/meminfo:
MemTotal:       15724676 kB
MemFree:          471332 kB
MemAvailable:    6115212 kB
Buffers:          136232 kB
Cached:          5691464 kB
SwapCached:            0 kB
Active:          9310580 kB
Inactive:        3777524 kB
Active(anon):    7049644 kB
Inactive(anon):   379844 kB
Active(file):    2260936 kB
Inactive(file):  3397680 kB
Unevictable:           0 kB
Mlocked:               0 kB
SwapTotal:             0 kB
SwapFree:              0 kB
Zswap:                 0 kB
Zswapped:              0 kB
Dirty:              1672 kB
Writeback:             0 kB
AnonPages:       7091396 kB
Mapped:          1869172 kB
Shmem:            169236 kB
KReclaimable:     319896 kB
Slab:             518480 kB
SReclaimable:     319896 kB
SUnreclaim:       198584 kB
KernelStack:       33696 kB
PageTables:        66708 kB
SecPageTables:      4340 kB
NFS_Unstable:          0 kB
Bounce:                0 kB
WritebackTmp:          0 kB
CommitLimit:     7862336 kB
Committed_AS:   20806672 kB
VmallocTotal:   34359738367 kB
VmallocUsed:       79676 kB
VmallocChunk:          0 kB
Percpu:             9984 kB
HardwareCorrupted:     0 kB
AnonHugePages:   2414592 kB
ShmemHugePages:        0 kB
ShmemPmdMapped:        0 kB
FileHugePages:    507904 kB
FilePmdMapped:    378880 kB
CmaTotal:              0 kB
CmaFree:               0 kB
Unaccepted:            0 kB
HugePages_Total:       0
HugePages_Free:        0
HugePages_Rsvd:        0
HugePages_Surp:        0
Hugepagesize:       2048 kB
Hugetlb:               0 kB
DirectMap4k:     2277068 kB
DirectMap2M:    13842432 kB
DirectMap1G:     1048576 kB

/sys/kernel/mm/transparent_hugepage/enabled: [always] madvise never
/sys/kernel/mm/transparent_hugepage/hpage_pmd_size: 2097152
/sys/kernel/mm/transparent_hugepage/shmem_enabled: always within_size advise [never] deny force
/sys/kernel/mm/transparent_hugepage/defrag (defrag/compaction efforts parameter): always defer defer+madvise [madvise] never

Process Memory:
Virtual Size: 6615376K (peak: 6615376K)
Resident Set Size: 43992K (peak: 43992K) (anon: 20508K, file: 23484K, shmem: 0K)
Swapped out: 0K
C-Heap outstanding allocations: 24035K, retained: 1756K
glibc malloc tunables: (default)

/proc/sys/kernel/threads-max (system-wide limit on the number of threads): 121770
/proc/sys/vm/max_map_count (maximum number of memory map areas a process may have): 1048576
/proc/sys/vm/swappiness (control to define how aggressively the kernel swaps out anonymous memory): 60
/proc/sys/kernel/pid_max (system-wide limit on number of process identifiers): 4194304

container information not found.
Steal ticks since vm start: 0
Steal ticks percentage since vm start:  0.000

CPU: total 12 (initial active 12) (12 cores per cpu, 2 threads per core) family 23 model 96 stepping 1 microcode 0x860010d, cx8, cmov, fxsr, ht, mmx, 3dnowpref, sse, sse2, sse3, ssse3, sse4a, sse4.1, sse4.2, popcnt, lzcnt, tsc, tscinvbit, avx, avx2, aes, clmul, bmi1, bmi2, adx, sha, fma, vzeroupper, clflush, clflushopt, rdtscp, rdpid, f16c
CPU Model and flags from /proc/cpuinfo:
model name	: AMD Ryzen 5 4600H with Radeon Graphics
flags		: fpu vme de pse tsc msr pae mce cx8 apic sep mtrr pge mca cmov pat pse36 clflush mmx fxsr sse sse2 ht syscall nx mmxext fxsr_opt pdpe1gb rdtscp lm constant_tsc rep_good nopl xtopology nonstop_tsc cpuid extd_apicid aperfmperf rapl pni pclmulqdq monitor ssse3 fma cx16 sse4_1 sse4_2 movbe popcnt aes xsave avx f16c rdrand lahf_lm cmp_legacy svm extapic cr8_legacy abm sse4a misalignsse 3dnowprefetch osvw ibs skinit wdt tce topoext perfctr_core perfctr_nb bpext perfctr_llc mwaitx cpb cat_l3 cdp_l3 hw_pstate ssbd mba ibrs ibpb stibp vmmcall fsgsbase bmi1 avx2 smep bmi2 cqm rdt_a rdseed adx smap clflushopt clwb sha_ni xsaveopt xsavec xgetbv1 cqm_llc cqm_occup_llc cqm_mbm_total cqm_mbm_local clzero irperf xsaveerptr rdpru wbnoinvd cppc arat npt lbrv svm_lock nrip_save tsc_scale vmcb_clean flushbyasid decodeassists pausefilter pfthreshold avic v_vmsave_vmload vgif v_spec_ctrl umip rdpid overflow_recov succor smca

Online cpus: 0-11
Offline cpus: 
BIOS frequency limitation: 3000000
Frequency switch latency (ns): 0
Available cpu frequencies: 3000000 1700000 1400000 
Current governor: schedutil
Core performance/turbo boost: 1

Memory: 4k page, physical 15724676k(6115212k free), swap 0k(0k free)
Page Sizes: 4k

vm_info: OpenJDK 64-Bit Server VM (23.0.2) for linux-amd64 JRE (23.0.2), built on 2025-01-21T19:50:05Z with gcc 14.2.1 20240910

END.
