#
# A fatal error has been detected by the Java Runtime Environment:
#
#  SIGSEGV (0xb) at pc=0x00007efd831317cb, pid=200743, tid=200761
#
# JRE version: OpenJDK Runtime Environment Corretto-17.0.14.7.1 (17.0.14+7) (build 17.0.14+7-LTS)
# Java VM: OpenJDK 64-Bit Server VM Corretto-17.0.14.7.1 (17.0.14+7-LTS, mixed mode, sharing, tiered, compressed oops, compressed class ptrs, g1 gc, linux-amd64)
# Problematic frame:
# V  [libjvm.so+0x5317cb]  PhiNode::out_RegMask() const+0x4b
#
# Core dump will be written. Default location: Core dumps may be processed with "/usr/lib/systemd/systemd-coredump %P %u %g %s %t %c %h %d %F" (or dumping to /home/zhabka/Documents/labs/web_prog/lab2/lab2/core.200743)
#
# If you would like to submit a bug report, please visit:
#   https://github.com/corretto/corretto-17/issues/
#

---------------  S U M M A R Y ------------

Command Line: -Dmaven.multiModuleProjectDirectory=/home/zhabka/Documents/labs/web_prog/lab2/lab2 -Djansi.passthrough=true -Dmaven.home=/home/zhabka/apps/idea-IC-243.23654.189/plugins/maven/lib/maven3 -Dclassworlds.conf=/home/zhabka/apps/idea-IC-243.23654.189/plugins/maven/lib/maven3/bin/m2.conf -Dmaven.ext.class.path=/home/zhabka/apps/idea-IC-243.23654.189/plugins/maven/lib/maven-event-listener.jar -javaagent:/home/zhabka/apps/idea-IC-243.23654.189/lib/idea_rt.jar=45073 -Dfile.encoding=UTF-8 org.codehaus.classworlds.Launcher -Didea.version=2024.3.6 clean package

Host: AMD Ryzen 5 4600H with Radeon Graphics, 12 cores, 14G, Manjaro Linux
Time: Fri Sep 19 10:03:30 2025 MSK elapsed time: 3.079656 seconds (0d 0h 0m 3s)

---------------  T H R E A D  ---------------

Current thread (0x00007efd7c19af30):  JavaThread "C2 CompilerThread0" daemon [_thread_in_native, id=200761, stack(0x00007efd5c0fe000,0x00007efd5c1fe000)]


Current CompileTask:
C2:   3079 3740       4       java.util.HashMap::put (13 bytes)

Stack: [0x00007efd5c0fe000,0x00007efd5c1fe000],  sp=0x00007efd5c1f9380,  free space=1004k
Native frames: (J=compiled Java code, j=interpreted, Vv=VM code, C=native code)
V  [libjvm.so+0x5317cb]  PhiNode::out_RegMask() const+0x4b
V  [libjvm.so+0x546dba]  PhaseChaitin::mark_ssa()+0x13a
V  [libjvm.so+0x7b7988]  PhaseCFG::global_code_motion()+0x968
V  [libjvm.so+0x7b99aa]  PhaseCFG::do_global_code_motion()+0x4a
V  [libjvm.so+0x5e153c]  Compile::Code_Gen()+0x1dc
V  [libjvm.so+0x5e8961]  Compile::Compile(ciEnv*, ciMethod*, int, bool, bool, bool, bool, bool, DirectiveSet*)+0xea1
V  [libjvm.so+0x518baa]  C2Compiler::compile_method(ciEnv*, ciMethod*, int, bool, DirectiveSet*)+0xba
V  [libjvm.so+0x5f2b99]  CompileBroker::invoke_compiler_on_method(CompileTask*)+0xc89
V  [libjvm.so+0x5f3ba8]  CompileBroker::compiler_thread_loop()+0x708
V  [libjvm.so+0xee3e37]  JavaThread::run()+0x127
V  [libjvm.so+0xee6f61]  Thread::call_run()+0xa1
V  [libjvm.so+0xc54d33]  thread_native_entry(Thread*)+0xe3
C  [libc.so.6+0x969cb]


siginfo: si_signo: 11 (SIGSEGV), si_code: 1 (SEGV_MAPERR), si_addr: 0x00007f055c17ae68

Registers:
RAX=0x00007efd5c1fa3d0, RBX=0x00000000ffff0000, RCX=0x00007efd7c56b490, RDX=0x00007efd7c19c1f0
RSP=0x00007efd5c1f9380, RBP=0x00007efd5c1f9390, RSI=0x00007efd7c4d4770, RDI=0x00007efd84181f98
R8 =0x0000000000000001, R9 =0x0000000000000009, R10=0x00007efce0292d68, R11=0x0000000000000002
R12=0x00007efd5c1f95e0, R13=0x00007efce02cff48, R14=0x0000000000000004, R15=0x0000000000000c7e
RIP=0x00007efd831317cb, EFLAGS=0x0000000000010206, CSGSFS=0x002b000000000033, ERR=0x0000000000000004
  TRAPNO=0x000000000000000e


Register to memory mapping:

RAX=0x00007efd5c1fa3d0 is pointing into the stack for thread: 0x00007efd7c19af30
RBX=0x00000000ffff0000 is an unknown value
RCX=0x00007efd7c56b490 points into unknown readable memory: 0x0000000000000000 | 00 00 00 00 00 00 00 00
RDX=0x00007efd7c19c1f0 points into unknown readable memory: 0x0000000000000003 | 03 00 00 00 00 00 00 00
RSP=0x00007efd5c1f9380 is pointing into the stack for thread: 0x00007efd7c19af30
RBP=0x00007efd5c1f9390 is pointing into the stack for thread: 0x00007efd7c19af30
RSI=0x00007efd7c4d4770 points into unknown readable memory: 0x00007efce004f210 | 10 f2 04 e0 fc 7e 00 00
RDI=0x00007efd84181f98: <offset 0x0000000001581f98> in /home/zhabka/.jdks/corretto-17.0.14/lib/server/libjvm.so at 0x00007efd82c00000
R8 =0x0000000000000001 is an unknown value
R9 =0x0000000000000009 is an unknown value
R10=0x00007efce0292d68 points into unknown readable memory: 0x00007efd840efca8 | a8 fc 0e 84 fd 7e 00 00
R11=0x0000000000000002 is an unknown value
R12=0x00007efd5c1f95e0 is pointing into the stack for thread: 0x00007efd7c19af30
R13=0x00007efce02cff48 points into unknown readable memory: 0x00007efd8415c410 | 10 c4 15 84 fd 7e 00 00
R14=0x0000000000000004 is an unknown value
R15=0x0000000000000c7e is an unknown value


Top of Stack: (sp=0x00007efd5c1f9380)
0x00007efd5c1f9380:   0000000000000000 00007efd7c9551f8
0x00007efd5c1f9390:   00007efd5c1f93e0 00007efd83146dba
0x00007efd5c1f93a0:   000000d35c1f93e0 0000000000000006
0x00007efd5c1f93b0:   00007efd7c4efd40 00007efd5c1f9510
0x00007efd5c1f93c0:   00007efd7c199510 00007efd5c1f9460
0x00007efd5c1f93d0:   00007efd7c4efd40 00007efd5c1f9820
0x00007efd5c1f93e0:   00007efd5c1f9780 00007efd833b7988
0x00007efd5c1f93f0:   00007efcdc05c4c0 00007efd5c1f94d0
0x00007efd5c1f9400:   00007efd5c1f9570 00000000000003d8
0x00007efd5c1f9410:   00007efce052fc28 00007efd5c1f94a0
0x00007efd5c1f9420:   00007efce052f850 00007efce052f840
0x00007efd5c1f9430:   00007efd5c1f95e0 0000000000000000
0x00007efd5c1f9440:   00000000000b2fd8 00007efd7c4f7d28
0x00007efd5c1f9450:   00007efd7c4f2d70 00007efd7c035ce0
0x00007efd5c1f9460:   00007efc00000080 00007efcdc309800
0x00007efd5c1f9470:   00007efd00000080 00007efd7c199510
0x00007efd5c1f9480:   00007efd7c032960 00007efd7c035c60
0x00007efd5c1f9490:   00007efd7c032970 00007efd7c199510
0x00007efd5c1f94a0:   00007efd00000006 00007efce052f840
0x00007efd5c1f94b0:   00007efce052f840 00007efce052f850
0x00007efd5c1f94c0:   00007efce052fc28 00000000000003d8
0x00007efd5c1f94d0:   00007efd0000000c 00007efd5c1fbdf0
0x00007efd5c1f94e0:   0000000000000ea0 00007efcdc413900
0x00007efd5c1f94f0:   0000000000000078 00007efd00000076
0x00007efd5c1f9500:   00007efd5c1f94a0 0000000000000001
0x00007efd5c1f9510:   00007efcdc05b6a0 0000000000008010
0x00007efd5c1f9520:   00007efcdc000030 000000000000000d
0x00007efd5c1f9530:   00007efd5c1f95c0 0000000000000000
0x00007efd5c1f9540:   00007efd5c1f9570 00007efd844a6a59
0x00007efd5c1f9550:   00007efd5c1f9570 00007efd83ae9ec6
0x00007efd5c1f9560:   00007efd5c1f9580 00007efd83ae9ec6
0x00007efd5c1f9570:   00007efd0000000a 00007efd5c1fbdf0 

Instructions: (pc=0x00007efd831317cb)
0x00007efd831316cb:   31 d2 e9 3a fa ff ff 4c 89 eb e9 a2 f9 ff ff 4c
0x00007efd831316db:   89 ea e9 aa fa ff ff 4c 89 ea e9 22 fa ff ff 4c
0x00007efd831316eb:   89 ea e9 6a fe ff ff 4c 89 ea e9 ca fd ff ff 4c
0x00007efd831316fb:   89 ea e9 42 fd ff ff 4c 89 ea e9 b2 fc ff ff 4c
0x00007efd8313170b:   89 ea e9 1a fc ff ff 4c 89 ea e9 8a fb ff ff 4c
0x00007efd8313171b:   89 ea e9 f2 fa ff ff 0f 1f 40 00 66 2e 0f 1f 84
0x00007efd8313172b:   00 00 00 00 00 55 48 85 ff 48 89 e5 74 27 48 8b
0x00007efd8313173b:   57 10 48 85 d2 75 09 eb 24 0f 1f 40 00 48 89 c2
0x00007efd8313174b:   48 8b 42 10 48 85 c0 75 f4 48 89 72 10 5d c3 66
0x00007efd8313175b:   0f 1f 44 00 00 31 d2 eb f0 0f 1f 40 00 48 89 fa
0x00007efd8313176b:   eb e7 0f 1f 00 55 48 8d 05 e8 85 0b 01 48 89 e5
0x00007efd8313177b:   5d c3 90 66 90 55 48 89 e5 53 48 83 ec 08 48 8b
0x00007efd8313178b:   47 38 48 63 40 10 48 c1 e0 05 48 03 05 2c 05 05
0x00007efd8313179b:   01 8b 58 14 85 db 74 3d 66 48 8d 3d ed 07 05 01
0x00007efd831317ab:   66 66 48 e8 ad 10 d2 ff 48 8b 00 48 8b 80 78 05
0x00007efd831317bb:   00 00 48 8b 80 80 00 00 00 48 8b 80 58 08 00 00
0x00007efd831317cb:   48 8b 84 d8 98 0a 00 00 48 83 c4 08 5b 5d c3 66
0x00007efd831317db:   0f 1f 44 00 00 48 8d 05 79 85 0b 01 48 83 c4 08
0x00007efd831317eb:   5b 5d c3 66 90 8b 46 34 39 47 34 55 48 89 e5 0f
0x00007efd831317fb:   94 c0 5d c3 90 48 8b 47 08 55 44 8b 4f 34 48 89
0x00007efd8313180b:   e5 48 8b 10 48 8b 46 50 8b 4a 28 4c 8b 04 c8 48
0x00007efd8313181b:   8d 0d b7 61 0d 01 49 8b 70 18 48 8b 09 4a 3b 0c
0x00007efd8313182b:   ce 74 0a 48 89 f8 5d c3 0f 1f 44 00 00 4c 89 c8
0x00007efd8313183b:   4c 8b 4a 08 85 c0 75 2d 41 8b 50 14 85 d2 74 20
0x00007efd8313184b:   44 8d 42 ff 31 d2 49 83 c0 01 0f 1f 00 39 d0 74
0x00007efd8313185b:   06 48 3b 0c d6 74 cc 48 83 c2 01 4c 39 c2 75 ed
0x00007efd8313186b:   49 8b 01 5d c3 4d 8b 51 08 41 8b 52 2c 83 e2 0f
0x00007efd8313187b:   83 fa 08 75 ae 49 8b 52 08 4c 8b 12 41 8b 52 2c
0x00007efd8313188b:   83 e2 07 83 fa 07 75 9b 4d 85 d2 74 96 48 8d 15
0x00007efd8313189b:   b1 86 0b 01 48 8b 12 49 39 52 60 75 86 eb 99 66
0x00007efd831318ab:   0f 1f 44 00 00 55 48 89 e5 41 54 53 4c 8b 67 40
0x00007efd831318bb:   e8 80 3f 6e 00 89 c3 4d 85 e4 74 0c 49 8b 04 24 


Stack slot to memory mapping:
stack at sp + 0 slots: 0x0 is NULL
stack at sp + 1 slots: 0x00007efd7c9551f8 points into unknown readable memory: 0x00007efd840cb770 | 70 b7 0c 84 fd 7e 00 00
stack at sp + 2 slots: 0x00007efd5c1f93e0 is pointing into the stack for thread: 0x00007efd7c19af30
stack at sp + 3 slots: 0x00007efd83146dba: <offset 0x0000000000546dba> in /home/zhabka/.jdks/corretto-17.0.14/lib/server/libjvm.so at 0x00007efd82c00000
stack at sp + 4 slots: 0x000000d35c1f93e0 is an unknown value
stack at sp + 5 slots: 0x0000000000000006 is an unknown value
stack at sp + 6 slots: 0x00007efd7c4efd40 points into unknown readable memory: 0x00007efcdc3033c0 | c0 33 30 dc fc 7e 00 00
stack at sp + 7 slots: 0x00007efd5c1f9510 is pointing into the stack for thread: 0x00007efd7c19af30


---------------  P R O C E S S  ---------------

Threads class SMR info:
_java_thread_list=0x00007efd7c9c2570, length=13, elements={
0x00007efd7c02bdb0, 0x00007efd7c18f1c0, 0x00007efd7c1905b0, 0x00007efd7c196d90,
0x00007efd7c198150, 0x00007efd7c199570, 0x00007efd7c19af30, 0x00007efd7c19c470,
0x00007efd7c19d8f0, 0x00007efd7c1a8ef0, 0x00007efd7c22beb0, 0x00007efd7c23e290,
0x00007efd7c9c7060
}

Java Threads: ( => current thread )
  0x00007efd7c02bdb0 JavaThread "main" [_thread_in_vm, id=200745, stack(0x00007efd84300000,0x00007efd84400000)]
  0x00007efd7c18f1c0 JavaThread "Reference Handler" daemon [_thread_blocked, id=200756, stack(0x00007efd5c900000,0x00007efd5ca00000)]
  0x00007efd7c1905b0 JavaThread "Finalizer" daemon [_thread_blocked, id=200757, stack(0x00007efd5c7ff000,0x00007efd5c8ff000)]
  0x00007efd7c196d90 JavaThread "Signal Dispatcher" daemon [_thread_blocked, id=200758, stack(0x00007efd5c6fe000,0x00007efd5c7fe000)]
  0x00007efd7c198150 JavaThread "Service Thread" daemon [_thread_blocked, id=200759, stack(0x00007efd5c300000,0x00007efd5c400000)]
  0x00007efd7c199570 JavaThread "Monitor Deflation Thread" daemon [_thread_blocked, id=200760, stack(0x00007efd5c1ff000,0x00007efd5c2ff000)]
=>0x00007efd7c19af30 JavaThread "C2 CompilerThread0" daemon [_thread_in_native, id=200761, stack(0x00007efd5c0fe000,0x00007efd5c1fe000)]
  0x00007efd7c19c470 JavaThread "C1 CompilerThread0" daemon [_thread_blocked, id=200762, stack(0x00007efd4df00000,0x00007efd4e000000)]
  0x00007efd7c19d8f0 JavaThread "Sweeper thread" daemon [_thread_blocked, id=200763, stack(0x00007efd4ddff000,0x00007efd4deff000)]
  0x00007efd7c1a8ef0 JavaThread "Common-Cleaner" daemon [_thread_blocked, id=200764, stack(0x00007efd4dcfe000,0x00007efd4ddfe000)]
  0x00007efd7c22beb0 JavaThread "Monitor Ctrl-Break" daemon [_thread_in_native, id=200765, stack(0x00007efd4d900000,0x00007efd4da00000)]
  0x00007efd7c23e290 JavaThread "Notification Thread" daemon [_thread_blocked, id=200766, stack(0x00007efd4d500000,0x00007efd4d600000)]
  0x00007efd7c9c7060 JavaThread "Thread-1" daemon [_thread_blocked, id=200788, stack(0x00007efd4c0fc000,0x00007efd4c1fc000)]

Other Threads:
  0x00007efd7c18b100 VMThread "VM Thread" [stack: 0x00007efd5ccf2000,0x00007efd5cdf2000] [id=200755]
  0x00007efd7c02e7b0 WatcherThread [stack: 0x00007efd4d100000,0x00007efd4d200000] [id=200767]
  0x00007efd7c094960 GCTaskThread "GC Thread#0" [stack: 0x00007efd80078000,0x00007efd80178000] [id=200747]
  0x00007efd44006390 GCTaskThread "GC Thread#1" [stack: 0x00007efd4cd00000,0x00007efd4ce00000] [id=200770]
  0x00007efd440069b0 GCTaskThread "GC Thread#2" [stack: 0x00007efd4c900000,0x00007efd4ca00000] [id=200771]
  0x00007efd44007200 GCTaskThread "GC Thread#3" [stack: 0x00007efd4c500000,0x00007efd4c600000] [id=200772]
  0x00007efd44007c10 GCTaskThread "GC Thread#4" [stack: 0x00007efd4c3ff000,0x00007efd4c4ff000] [id=200773]
  0x00007efd4400c320 GCTaskThread "GC Thread#5" [stack: 0x00007efd4c2fe000,0x00007efd4c3fe000] [id=200786]
  0x00007efd4400cc40 GCTaskThread "GC Thread#6" [stack: 0x00007efd4c1fd000,0x00007efd4c2fd000] [id=200787]
  0x00007efd4400e680 GCTaskThread "GC Thread#7" [stack: 0x00007efcfaf00000,0x00007efcfb000000] [id=200791]
  0x00007efd4400f010 GCTaskThread "GC Thread#8" [stack: 0x00007efcfadff000,0x00007efcfaeff000] [id=200792]
  0x00007efd44011df0 GCTaskThread "GC Thread#9" [stack: 0x00007efcfacfe000,0x00007efcfadfe000] [id=200793]
  0x00007efd7c0a4f80 ConcurrentGCThread "G1 Main Marker" [stack: 0x00007efd5db00000,0x00007efd5dc00000] [id=200748]
  0x00007efd7c0a5ef0 ConcurrentGCThread "G1 Conc#0" [stack: 0x00007efd5d9ff000,0x00007efd5daff000] [id=200749]
  0x00007efd50000e80 ConcurrentGCThread "G1 Conc#1" [stack: 0x00007efcfabfd000,0x00007efcfacfd000] [id=200794]
  0x00007efd50001cc0 ConcurrentGCThread "G1 Conc#2" [stack: 0x00007efcfaafc000,0x00007efcfabfc000] [id=200795]
  0x00007efd7c15d760 ConcurrentGCThread "G1 Refine#0" [stack: 0x00007efd5cef4000,0x00007efd5cff4000] [id=200750]
  0x00007efd7c15e660 ConcurrentGCThread "G1 Service" [stack: 0x00007efd5cdf3000,0x00007efd5cef3000] [id=200751]

Threads with active compile tasks:
C2 CompilerThread0     3086 3740       4       java.util.HashMap::put (13 bytes)

VM state: not at safepoint (normal execution)

VM Mutex/Monitor currently owned by a thread: None

Heap address: 0x0000000710000000, size: 3840 MB, Compressed Oops mode: Zero based, Oop shift amount: 3

CDS archive(s) mapped at: [0x00007efcff000000-0x00007efcffbc9000-0x00007efcffbc9000), size 12357632, SharedBaseAddress: 0x00007efcff000000, ArchiveRelocationMode: 1.
Compressed class space mapped at: 0x00007efd00000000-0x00007efd40000000, reserved size: 1073741824
Narrow klass base: 0x00007efcff000000, Narrow klass shift: 0, Narrow klass range: 0x100000000

GC Precious Log:
 CPUs: 12 total, 12 available
 Memory: 15356M
 Large Page Support: Disabled
 NUMA Support: Disabled
 Compressed Oops: Enabled (Zero based)
 Heap Region Size: 2M
 Heap Min Capacity: 8M
 Heap Initial Capacity: 240M
 Heap Max Capacity: 3840M
 Pre-touch: Disabled
 Parallel Workers: 10
 Concurrent Workers: 3
 Concurrent Refinement Workers: 10
 Periodic GC: Disabled

Heap:
 garbage-first heap   total 61440K, used 16731K [0x0000000710000000, 0x0000000800000000)
  region size 2048K, 7 young (14336K), 4 survivors (8192K)
 Metaspace       used 24943K, committed 25216K, reserved 1114112K
  class space    used 3005K, committed 3136K, reserved 1048576K

Heap Regions: E=young(eden), S=young(survivor), O=old, HS=humongous(starts), HC=humongous(continues), CS=collection set, F=free, OA=open archive, CA=closed archive, TAMS=top-at-mark-start (previous, next)
|   0|0x0000000710000000, 0x0000000710200000, 0x0000000710200000|100%| O|  |TAMS 0x0000000710200000, 0x0000000710000000| Untracked 
|   1|0x0000000710200000, 0x00000007102f6e00, 0x0000000710400000| 48%| O|  |TAMS 0x00000007102f6e00, 0x0000000710200000| Complete 
|   2|0x0000000710400000, 0x0000000710400000, 0x0000000710600000|  0%| F|  |TAMS 0x0000000710400000, 0x0000000710400000| Untracked 
|   3|0x0000000710600000, 0x0000000710600000, 0x0000000710800000|  0%| F|  |TAMS 0x0000000710600000, 0x0000000710600000| Untracked 
|   4|0x0000000710800000, 0x0000000710800000, 0x0000000710a00000|  0%| F|  |TAMS 0x0000000710800000, 0x0000000710800000| Untracked 
|   5|0x0000000710a00000, 0x0000000710a00000, 0x0000000710c00000|  0%| F|  |TAMS 0x0000000710a00000, 0x0000000710a00000| Untracked 
|   6|0x0000000710c00000, 0x0000000710c00000, 0x0000000710e00000|  0%| F|  |TAMS 0x0000000710c00000, 0x0000000710c00000| Untracked 
|   7|0x0000000710e00000, 0x0000000710e00000, 0x0000000711000000|  0%| F|  |TAMS 0x0000000710e00000, 0x0000000710e00000| Untracked 
|   8|0x0000000711000000, 0x0000000711000000, 0x0000000711200000|  0%| F|  |TAMS 0x0000000711000000, 0x0000000711000000| Untracked 
|   9|0x0000000711200000, 0x0000000711200000, 0x0000000711400000|  0%| F|  |TAMS 0x0000000711200000, 0x0000000711200000| Untracked 
|  10|0x0000000711400000, 0x0000000711400000, 0x0000000711600000|  0%| F|  |TAMS 0x0000000711400000, 0x0000000711400000| Untracked 
|  11|0x0000000711600000, 0x0000000711600000, 0x0000000711800000|  0%| F|  |TAMS 0x0000000711600000, 0x0000000711600000| Untracked 
|  12|0x0000000711800000, 0x0000000711800000, 0x0000000711a00000|  0%| F|  |TAMS 0x0000000711800000, 0x0000000711800000| Untracked 
|  13|0x0000000711a00000, 0x0000000711a00000, 0x0000000711c00000|  0%| F|  |TAMS 0x0000000711a00000, 0x0000000711a00000| Untracked 
|  14|0x0000000711c00000, 0x0000000711c00000, 0x0000000711e00000|  0%| F|  |TAMS 0x0000000711c00000, 0x0000000711c00000| Untracked 
|  15|0x0000000711e00000, 0x0000000711e00000, 0x0000000712000000|  0%| F|  |TAMS 0x0000000711e00000, 0x0000000711e00000| Untracked 
|  16|0x0000000712000000, 0x0000000712000000, 0x0000000712200000|  0%| F|  |TAMS 0x0000000712000000, 0x0000000712000000| Untracked 
|  17|0x0000000712200000, 0x0000000712200000, 0x0000000712400000|  0%| F|  |TAMS 0x0000000712200000, 0x0000000712200000| Untracked 
|  18|0x0000000712400000, 0x0000000712400000, 0x0000000712600000|  0%| F|  |TAMS 0x0000000712400000, 0x0000000712400000| Untracked 
|  19|0x0000000712600000, 0x0000000712600000, 0x0000000712800000|  0%| F|  |TAMS 0x0000000712600000, 0x0000000712600000| Untracked 
|  20|0x0000000712800000, 0x0000000712800000, 0x0000000712a00000|  0%| F|  |TAMS 0x0000000712800000, 0x0000000712800000| Untracked 
|  21|0x0000000712a00000, 0x0000000712c00000, 0x0000000712c00000|100%| E|  |TAMS 0x0000000712a00000, 0x0000000712a00000| Complete 
|  22|0x0000000712c00000, 0x0000000712e00000, 0x0000000712e00000|100%| E|CS|TAMS 0x0000000712c00000, 0x0000000712c00000| Complete 
|  84|0x000000071a800000, 0x000000071a973fb8, 0x000000071aa00000| 72%| S|CS|TAMS 0x000000071a800000, 0x000000071a800000| Complete 
|  85|0x000000071aa00000, 0x000000071ac00000, 0x000000071ac00000|100%| S|CS|TAMS 0x000000071aa00000, 0x000000071aa00000| Complete 
|  86|0x000000071ac00000, 0x000000071ae00000, 0x000000071ae00000|100%| S|CS|TAMS 0x000000071ac00000, 0x000000071ac00000| Complete 
|  87|0x000000071ae00000, 0x000000071b000000, 0x000000071b000000|100%| S|CS|TAMS 0x000000071ae00000, 0x000000071ae00000| Complete 
| 119|0x000000071ee00000, 0x000000071f000000, 0x000000071f000000|100%| E|CS|TAMS 0x000000071ee00000, 0x000000071ee00000| Complete 
|1918|0x00000007ffc00000, 0x00000007ffd75000, 0x00000007ffe00000| 72%|OA|  |TAMS 0x00000007ffd75000, 0x00000007ffc00000| Untracked 
|1919|0x00000007ffe00000, 0x00000007ffe77000, 0x0000000800000000| 23%|CA|  |TAMS 0x00000007ffe77000, 0x00000007ffe00000| Untracked 

Card table byte_map: [0x00007efd808f8000,0x00007efd81078000] _byte_map_base: 0x00007efd7d078000

Marking Bits (Prev, Next): (CMBitMap*) 0x00007efd7c095430, (CMBitMap*) 0x00007efd7c0953f0
 Prev Bits: [0x00007efd5dc00000, 0x00007efd61800000)
 Next Bits: [0x00007efd61800000, 0x00007efd65400000)

Polling page: 0x00007efd84b0e000

Metaspace:

Usage:
  Non-class:     21.43 MB used.
      Class:      2.94 MB used.
       Both:     24.37 MB used.

Virtual space:
  Non-class space:       64.00 MB reserved,      21.56 MB ( 34%) committed,  1 nodes.
      Class space:        1.00 GB reserved,       3.06 MB ( <1%) committed,  1 nodes.
             Both:        1.06 GB reserved,      24.62 MB (  2%) committed. 

Chunk freelists:
   Non-Class:  9.69 MB
       Class:  12.84 MB
        Both:  22.53 MB

MaxMetaspaceSize: unlimited
CompressedClassSpaceSize: 1.00 GB
Initial GC threshold: 21.00 MB
Current GC threshold: 35.25 MB
CDS: on
MetaspaceReclaimPolicy: balanced
 - commit_granule_bytes: 65536.
 - commit_granule_words: 8192.
 - virtual_space_node_default_size: 8388608.
 - enlarge_chunks_in_place: 1.
 - new_chunks_are_fully_committed: 0.
 - uncommit_free_chunks: 1.
 - use_allocation_guard: 0.
 - handle_deallocations: 1.


Internal statistics:

num_allocs_failed_limit: 3.
num_arena_births: 146.
num_arena_deaths: 0.
num_vsnodes_births: 2.
num_vsnodes_deaths: 0.
num_space_committed: 394.
num_space_uncommitted: 0.
num_chunks_returned_to_freelist: 3.
num_chunks_taken_from_freelist: 1051.
num_chunk_merges: 3.
num_chunk_splits: 730.
num_chunks_enlarged: 570.
num_inconsistent_stats: 0.

CodeHeap 'non-profiled nmethods': size=120028Kb used=1479Kb max_used=1479Kb free=118548Kb
 bounds [0x00007efd6cec9000, 0x00007efd6d139000, 0x00007efd74400000]
CodeHeap 'profiled nmethods': size=120028Kb used=7939Kb max_used=7939Kb free=112088Kb
 bounds [0x00007efd65400000, 0x00007efd65bd0000, 0x00007efd6c937000]
CodeHeap 'non-nmethods': size=5704Kb used=1194Kb max_used=1232Kb free=4509Kb
 bounds [0x00007efd6c937000, 0x00007efd6cba7000, 0x00007efd6cec9000]
 total_blobs=4455 nmethods=3959 adapters=409
 compilation: enabled
              stopped_count=0, restarted_count=0
 full_count=0

Compilation events (20 events):
Event: 3.054 Thread 0x00007efd7c19c470 nmethod 3919 0x00007efd6d035e90 code [0x00007efd6d036020, 0x00007efd6d0360f0]
Event: 3.054 Thread 0x00007efd7c19c470 3920       1       jdk.internal.jimage.ImageReader$Node::isDirectory (2 bytes)
Event: 3.054 Thread 0x00007efd7c19c470 nmethod 3920 0x00007efd6d036190 code [0x00007efd6d036320, 0x00007efd6d0363f0]
Event: 3.054 Thread 0x00007efd7c19c470 3921       1       java.nio.DirectByteBufferR::base (2 bytes)
Event: 3.054 Thread 0x00007efd7c19c470 nmethod 3921 0x00007efd6d036490 code [0x00007efd6d036620, 0x00007efd6d0366f0]
Event: 3.054 Thread 0x00007efd7c19af30 nmethod 3825 0x00007efd6d036790 code [0x00007efd6d0369a0, 0x00007efd6d037e00]
Event: 3.054 Thread 0x00007efd7c19af30 3740       4       java.util.HashMap::put (13 bytes)
Event: 3.055 Thread 0x00007efd7c19c470 3926       3       com.sun.tools.javac.code.Symbol::complete (30 bytes)
Event: 3.055 Thread 0x00007efd7c19c470 nmethod 3926 0x00007efd65bb0d10 code [0x00007efd65bb0ec0, 0x00007efd65bb1160]
Event: 3.057 Thread 0x00007efd7c19c470 3928       3       com.sun.tools.javac.util.List::contains (45 bytes)
Event: 3.057 Thread 0x00007efd7c19c470 nmethod 3928 0x00007efd65bb1210 code [0x00007efd65bb13e0, 0x00007efd65bb17a0]
Event: 3.059 Thread 0x00007efd7c19c470 3930   !   3       com.sun.tools.javac.comp.Modules::addVisiblePackages (263 bytes)
Event: 3.061 Thread 0x00007efd7c19c470 nmethod 3930 0x00007efd65bb1910 code [0x00007efd65bb1c80, 0x00007efd65bb3bc0]
Event: 3.061 Thread 0x00007efd7c19c470 3931       3       sun.nio.fs.UnixPath::hashCode (49 bytes)
Event: 3.061 Thread 0x00007efd7c19c470 nmethod 3931 0x00007efd65bb4690 code [0x00007efd65bb4840, 0x00007efd65bb4a50]
Event: 3.069 Thread 0x00007efd7c19c470 3932       3       jdk.internal.loader.NativeLibraries$NativeLibraryImpl::find (6 bytes)
Event: 3.069 Thread 0x00007efd7c19c470 nmethod 3932 0x00007efd65bb4b10 code [0x00007efd65bb4cc0, 0x00007efd65bb4de0]
Event: 3.070 Thread 0x00007efd7c19c470 3933       3       java.lang.Byte::toUnsignedInt (6 bytes)
Event: 3.070 Thread 0x00007efd7c19c470 nmethod 3933 0x00007efd65bb4e90 code [0x00007efd65bb5020, 0x00007efd65bb5110]
Event: 3.070 Thread 0x00007efd7c19c470 3934       3       jdk.nio.zipfs.ZipConstants::SH (19 bytes)

GC Heap History (6 events):
Event: 0.717 GC heap before
{Heap before GC invocations=0 (full 0):
 garbage-first heap   total 249856K, used 24496K [0x0000000710000000, 0x0000000800000000)
  region size 2048K, 11 young (22528K), 0 survivors (0K)
 Metaspace       used 5813K, committed 5952K, reserved 1114112K
  class space    used 691K, committed 768K, reserved 1048576K
}
Event: 0.720 GC heap after
{Heap after GC invocations=1 (full 0):
 garbage-first heap   total 249856K, used 5225K [0x0000000710000000, 0x0000000800000000)
  region size 2048K, 2 young (4096K), 2 survivors (4096K)
 Metaspace       used 5813K, committed 5952K, reserved 1114112K
  class space    used 691K, committed 768K, reserved 1048576K
}
Event: 1.440 GC heap before
{Heap before GC invocations=1 (full 0):
 garbage-first heap   total 249856K, used 46185K [0x0000000710000000, 0x0000000800000000)
  region size 2048K, 22 young (45056K), 2 survivors (4096K)
 Metaspace       used 11910K, committed 12160K, reserved 1114112K
  class space    used 1470K, committed 1600K, reserved 1048576K
}
Event: 1.446 GC heap after
{Heap after GC invocations=2 (full 0):
 garbage-first heap   total 249856K, used 7685K [0x0000000710000000, 0x0000000800000000)
  region size 2048K, 2 young (4096K), 2 survivors (4096K)
 Metaspace       used 11910K, committed 12160K, reserved 1114112K
  class space    used 1470K, committed 1600K, reserved 1048576K
}
Event: 2.835 GC heap before
{Heap before GC invocations=2 (full 0):
 garbage-first heap   total 249856K, used 67077K [0x0000000710000000, 0x0000000800000000)
  region size 2048K, 32 young (65536K), 2 survivors (4096K)
 Metaspace       used 21217K, committed 21504K, reserved 1114112K
  class space    used 2588K, committed 2752K, reserved 1048576K
}
Event: 2.844 GC heap after
{Heap after GC invocations=3 (full 0):
 garbage-first heap   total 249856K, used 12635K [0x0000000710000000, 0x0000000800000000)
  region size 2048K, 4 young (8192K), 4 survivors (8192K)
 Metaspace       used 21217K, committed 21504K, reserved 1114112K
  class space    used 2588K, committed 2752K, reserved 1048576K
}

Dll operation events (11 events):
Event: 0.017 Loaded shared library /home/zhabka/.jdks/corretto-17.0.14/lib/libjava.so
Event: 0.059 Loaded shared library /home/zhabka/.jdks/corretto-17.0.14/lib/libjsvml.so
Event: 0.115 Loaded shared library /home/zhabka/.jdks/corretto-17.0.14/lib/libzip.so
Event: 0.118 Loaded shared library /home/zhabka/.jdks/corretto-17.0.14/lib/libinstrument.so
Event: 0.122 Loaded shared library /home/zhabka/.jdks/corretto-17.0.14/lib/libnio.so
Event: 0.126 Loaded shared library /home/zhabka/.jdks/corretto-17.0.14/lib/libzip.so
Event: 0.136 Loaded shared library /home/zhabka/.jdks/corretto-17.0.14/lib/libnet.so
Event: 0.145 Loaded shared library /home/zhabka/.jdks/corretto-17.0.14/lib/libextnet.so
Event: 0.243 Loaded shared library /home/zhabka/.jdks/corretto-17.0.14/lib/libjimage.so
Event: 0.254 Loaded shared library /tmp/jansi-2.4.1-b16a41e244c5cc29-libjansi.so
Event: 0.264 Loaded shared library /home/zhabka/.jdks/corretto-17.0.14/lib/libverify.so

Deoptimization events (20 events):
Event: 2.990 Thread 0x00007efd7c02bdb0 Uncommon trap: trap_request=0xffffff45 fr.pc=0x00007efd6cf7ad7c relative=0x00000000000003dc
Event: 2.990 Thread 0x00007efd7c02bdb0 Uncommon trap: reason=unstable_if action=reinterpret pc=0x00007efd6cf7ad7c method=java.lang.StringBuilder.toString()Ljava/lang/String; @ 4 c2
Event: 2.990 Thread 0x00007efd7c02bdb0 DEOPT PACKING pc=0x00007efd6cf7ad7c sp=0x00007efd843fbcd0
Event: 2.990 Thread 0x00007efd7c02bdb0 DEOPT UNPACKING pc=0x00007efd6c98d699 sp=0x00007efd843fbcb0 mode 2
Event: 3.026 Thread 0x00007efd7c02bdb0 Uncommon trap: trap_request=0xffffffc6 fr.pc=0x00007efd6cfbd8c0 relative=0x0000000000002180
Event: 3.026 Thread 0x00007efd7c02bdb0 Uncommon trap: reason=bimorphic_or_optimized_type_check action=maybe_recompile pc=0x00007efd6cfbd8c0 method=java.util.HashMap.putVal(ILjava/lang/Object;Ljava/lang/Object;ZZ)Ljava/lang/Object; @ 203 c2
Event: 3.026 Thread 0x00007efd7c02bdb0 DEOPT PACKING pc=0x00007efd6cfbd8c0 sp=0x00007efd843fc820
Event: 3.026 Thread 0x00007efd7c02bdb0 DEOPT UNPACKING pc=0x00007efd6c98d699 sp=0x00007efd843fc7d0 mode 2
Event: 3.027 Thread 0x00007efd7c02bdb0 Uncommon trap: trap_request=0xffffffc6 fr.pc=0x00007efd6cfbd8c0 relative=0x0000000000002180
Event: 3.027 Thread 0x00007efd7c02bdb0 Uncommon trap: reason=bimorphic_or_optimized_type_check action=maybe_recompile pc=0x00007efd6cfbd8c0 method=java.util.HashMap.putVal(ILjava/lang/Object;Ljava/lang/Object;ZZ)Ljava/lang/Object; @ 203 c2
Event: 3.027 Thread 0x00007efd7c02bdb0 DEOPT PACKING pc=0x00007efd6cfbd8c0 sp=0x00007efd843fc820
Event: 3.027 Thread 0x00007efd7c02bdb0 DEOPT UNPACKING pc=0x00007efd6c98d699 sp=0x00007efd843fc7d0 mode 2
Event: 3.027 Thread 0x00007efd7c02bdb0 Uncommon trap: trap_request=0xffffffc6 fr.pc=0x00007efd6cfbd8c0 relative=0x0000000000002180
Event: 3.027 Thread 0x00007efd7c02bdb0 Uncommon trap: reason=bimorphic_or_optimized_type_check action=maybe_recompile pc=0x00007efd6cfbd8c0 method=java.util.HashMap.putVal(ILjava/lang/Object;Ljava/lang/Object;ZZ)Ljava/lang/Object; @ 203 c2
Event: 3.027 Thread 0x00007efd7c02bdb0 DEOPT PACKING pc=0x00007efd6cfbd8c0 sp=0x00007efd843fc820
Event: 3.027 Thread 0x00007efd7c02bdb0 DEOPT UNPACKING pc=0x00007efd6c98d699 sp=0x00007efd843fc7d0 mode 2
Event: 3.027 Thread 0x00007efd7c02bdb0 Uncommon trap: trap_request=0xffffffc6 fr.pc=0x00007efd6cfbd8c0 relative=0x0000000000002180
Event: 3.027 Thread 0x00007efd7c02bdb0 Uncommon trap: reason=bimorphic_or_optimized_type_check action=maybe_recompile pc=0x00007efd6cfbd8c0 method=java.util.HashMap.putVal(ILjava/lang/Object;Ljava/lang/Object;ZZ)Ljava/lang/Object; @ 203 c2
Event: 3.027 Thread 0x00007efd7c02bdb0 DEOPT PACKING pc=0x00007efd6cfbd8c0 sp=0x00007efd843fc820
Event: 3.027 Thread 0x00007efd7c02bdb0 DEOPT UNPACKING pc=0x00007efd6c98d699 sp=0x00007efd843fc7d0 mode 2

Classes loaded (20 events):
Event: 3.062 Loading class java/nio/file/NoSuchFileException
Event: 3.062 Loading class java/nio/file/NoSuchFileException done
Event: 3.063 Loading class java/nio/file/FileAlreadyExistsException
Event: 3.063 Loading class java/nio/file/FileAlreadyExistsException done
Event: 3.064 Loading class java/nio/file/DirectoryNotEmptyException
Event: 3.064 Loading class java/nio/file/DirectoryNotEmptyException done
Event: 3.064 Loading class java/nio/file/ReadOnlyFileSystemException
Event: 3.064 Loading class java/nio/file/ReadOnlyFileSystemException done
Event: 3.064 Loading class java/util/zip/DeflaterOutputStream
Event: 3.065 Loading class java/util/zip/DeflaterOutputStream done
Event: 3.065 Loading class java/nio/file/NotDirectoryException
Event: 3.065 Loading class java/nio/file/NotDirectoryException done
Event: 3.066 Loading class java/nio/file/attribute/PosixFilePermissions
Event: 3.066 Loading class java/nio/file/attribute/PosixFilePermissions done
Event: 3.066 Loading class java/nio/file/attribute/PosixFilePermission
Event: 3.066 Loading class java/nio/file/attribute/PosixFilePermission done
Event: 3.068 Loading class java/nio/file/attribute/PosixFileAttributeView
Event: 3.068 Loading class java/nio/file/attribute/FileOwnerAttributeView
Event: 3.069 Loading class java/nio/file/attribute/FileOwnerAttributeView done
Event: 3.069 Loading class java/nio/file/attribute/PosixFileAttributeView done

Classes unloaded (0 events):
No events

Classes redefined (0 events):
No events

Internal exceptions (20 events):
Event: 1.316 Thread 0x00007efd7c02bdb0 Exception <a 'java/lang/NoSuchMethodError'{0x000000071c9b72d8}: 'java.lang.Object java.lang.invoke.Invokers$Holder.invokeExact_MT(java.lang.Object, int, java.lang.Object)'> (0x000000071c9b72d8) 
thrown [src/hotspot/share/interpreter/linkResolver.cpp, line 759]
Event: 1.328 Thread 0x00007efd7c02bdb0 Exception <a 'java/lang/NoSuchMethodError'{0x000000071c623178}: 'int java.lang.invoke.DirectMethodHandle$Holder.invokeSpecial(java.lang.Object, java.lang.Object, java.lang.Object, java.lang.Object)'> (0x000000071c623178) 
thrown [src/hotspot/share/interpreter/linkResolver.cpp, line 759]
Event: 1.739 Thread 0x00007efd7c02bdb0 Exception <a 'java/lang/NoClassDefFoundError'{0x000000071eb50d48}: com/google/inject/servlet/ServletModuleTargetVisitor> (0x000000071eb50d48) 
thrown [src/hotspot/share/classfile/systemDictionary.cpp, line 245]
Event: 1.819 Thread 0x00007efd7c02bdb0 Exception <a 'java/lang/NoSuchMethodError'{0x000000071e9d29c8}: 'void java.lang.invoke.DirectMethodHandle$Holder.invokeVirtual(java.lang.Object, java.lang.Object)'> (0x000000071e9d29c8) 
thrown [src/hotspot/share/interpreter/linkResolver.cpp, line 759]
Event: 1.956 Thread 0x00007efd7c02bdb0 Exception <a 'java/lang/NoSuchMethodError'{0x000000071e3ec108}: 'void java.lang.invoke.DirectMethodHandle$Holder.invokeSpecial(java.lang.Object, java.lang.Object, java.lang.Object, java.lang.Object, java.lang.Object)'> (0x000000071e3ec108) 
thrown [src/hotspot/share/interpreter/linkResolver.cpp, line 759]
Event: 1.959 Thread 0x00007efd7c02bdb0 Exception <a 'java/lang/NoSuchMethodError'{0x000000071e00a260}: 'java.lang.Object java.lang.invoke.DirectMethodHandle$Holder.invokeVirtual(java.lang.Object, java.lang.Object, java.lang.Object)'> (0x000000071e00a260) 
thrown [src/hotspot/share/interpreter/linkResolver.cpp, line 759]
Event: 1.961 Thread 0x00007efd7c02bdb0 Exception <a 'java/lang/NoSuchMethodError'{0x000000071e019548}: 'void java.lang.invoke.DirectMethodHandle$Holder.invokeSpecial(java.lang.Object, java.lang.Object, java.lang.Object, java.lang.Object, java.lang.Object, java.lang.Object)'> (0x000000071e019548) 
thrown [src/hotspot/share/interpreter/linkResolver.cpp, line 759]
Event: 2.216 Thread 0x00007efd7c02bdb0 Exception <a 'java/lang/NoSuchMethodError'{0x000000071d229d78}: 'java.lang.Object java.lang.invoke.DirectMethodHandle$Holder.newInvokeSpecial(java.lang.Object, java.lang.Object, java.lang.Object, java.lang.Object, java.lang.Object, java.lang.Object, java.lang.Object)'> (0x000000071d229d78) 
thrown [src/hotspot/share/interpreter/linkResolver.cpp, line 759]
Event: 2.217 Thread 0x00007efd7c02bdb0 Exception <a 'java/lang/NoSuchMethodError'{0x000000071d22e688}: 'java.lang.Object java.lang.invoke.Invokers$Holder.linkToTargetMethod(java.lang.Object, java.lang.Object, java.lang.Object, java.lang.Object, java.lang.Object, java.lang.Object, java.lang.Object)'> (0x000000071d22e688) 
thrown [src/hotspot/share/interpreter/linkResolver.cpp, line 759]
Event: 2.290 Thread 0x00007efd7c02bdb0 Exception <a 'java/lang/NoSuchMethodError'{0x000000071ce91cd0}: 'int java.lang.invoke.DirectMethodHandle$Holder.invokeVirtual(java.lang.Object, java.lang.Object)'> (0x000000071ce91cd0) 
thrown [src/hotspot/share/interpreter/linkResolver.cpp, line 759]
Event: 2.304 Thread 0x00007efd7c02bdb0 Implicit null exception at 0x00007efd6cf00158 to 0x00007efd6cf001ea
Event: 2.304 Thread 0x00007efd7c02bdb0 Implicit null exception at 0x00007efd6cf1d3af to 0x00007efd6cf1d429
Event: 2.321 Thread 0x00007efd7c02bdb0 Exception <a 'java/lang/NoSuchMethodError'{0x000000071cc269b0}: 'void java.lang.invoke.DirectMethodHandle$Holder.invokeInterface(java.lang.Object, java.lang.Object, java.lang.Object)'> (0x000000071cc269b0) 
thrown [src/hotspot/share/interpreter/linkResolver.cpp, line 759]
Event: 2.663 Thread 0x00007efd7c02bdb0 Exception <a 'java/lang/IncompatibleClassChangeError'{0x000000071b2a44b0}: Found class java.lang.Object, but interface was expected> (0x000000071b2a44b0) 
thrown [src/hotspot/share/interpreter/linkResolver.cpp, line 826]
Event: 2.739 Thread 0x00007efd7c02bdb0 Exception <a 'java/lang/NoSuchMethodError'{0x000000071b3ce970}: 'int java.lang.invoke.DirectMethodHandle$Holder.invokeInterface(java.lang.Object, java.lang.Object)'> (0x000000071b3ce970) 
thrown [src/hotspot/share/interpreter/linkResolver.cpp, line 759]
Event: 2.757 Thread 0x00007efd7c02bdb0 Exception <a 'java/lang/NoSuchMethodError'{0x000000071b024420}: 'int java.lang.invoke.DirectMethodHandle$Holder.invokeVirtual(java.lang.Object, java.lang.Object, java.lang.Object)'> (0x000000071b024420) 
thrown [src/hotspot/share/interpreter/linkResolver.cpp, line 759]
Event: 2.923 Thread 0x00007efd7c02bdb0 Exception <a 'java/lang/NoSuchMethodError'{0x000000071eebf880}: 'java.lang.Object java.lang.invoke.DirectMethodHandle$Holder.newInvokeSpecial(java.lang.Object, java.lang.Object, java.lang.Object, java.lang.Object, java.lang.Object, java.lang.Object)'> (0x000000071eebf880) 
thrown [src/hotspot/share/interpreter/linkResolver.cpp, line 759]
Event: 3.035 Thread 0x00007efd7c02bdb0 Exception <a 'java/lang/NoSuchMethodError'{0x0000000712d7bac0}: 'java.lang.Object java.lang.invoke.DirectMethodHandle$Holder.invokeVirtual(java.lang.Object, java.lang.Object, java.lang.Object, int, int)'> (0x0000000712d7bac0) 
thrown [src/hotspot/share/interpreter/linkResolver.cpp, line 759]
Event: 3.035 Thread 0x00007efd7c02bdb0 Exception <a 'java/lang/NoSuchMethodError'{0x0000000712d828d0}: 'java.lang.Object java.lang.invoke.DirectMethodHandle$Holder.invokeVirtual(java.lang.Object, java.lang.Object, int)'> (0x0000000712d828d0) 
thrown [src/hotspot/share/interpreter/linkResolver.cpp, line 759]
Event: 3.037 Thread 0x00007efd7c02bdb0 Exception <a 'java/lang/NoSuchMethodError'{0x0000000712d8eb28}: 'java.lang.Object java.lang.invoke.DirectMethodHandle$Holder.invokeSpecial(java.lang.Object, java.lang.Object, java.lang.Object, int, int)'> (0x0000000712d8eb28) 
thrown [src/hotspot/share/interpreter/linkResolver.cpp, line 759]

VM Operations (20 events):
Event: 2.312 Executing VM operation: ICBufferFull
Event: 2.312 Executing VM operation: ICBufferFull done
Event: 2.470 Executing VM operation: ICBufferFull
Event: 2.471 Executing VM operation: ICBufferFull done
Event: 2.695 Executing VM operation: HandshakeAllThreads
Event: 2.695 Executing VM operation: HandshakeAllThreads done
Event: 2.738 Executing VM operation: HandshakeAllThreads
Event: 2.738 Executing VM operation: HandshakeAllThreads done
Event: 2.771 Executing VM operation: ICBufferFull
Event: 2.771 Executing VM operation: ICBufferFull done
Event: 2.835 Executing VM operation: CollectForMetadataAllocation
Event: 2.844 Executing VM operation: CollectForMetadataAllocation done
Event: 2.851 Executing VM operation: G1PauseRemark
Event: 2.854 Executing VM operation: G1PauseRemark done
Event: 2.856 Executing VM operation: G1PauseCleanup
Event: 2.856 Executing VM operation: G1PauseCleanup done
Event: 3.011 Executing VM operation: HandshakeAllThreads
Event: 3.011 Executing VM operation: HandshakeAllThreads done
Event: 3.012 Executing VM operation: HandshakeAllThreads
Event: 3.012 Executing VM operation: HandshakeAllThreads done

Memory protections (14 events):
Event: 0.015 Protecting memory [0x00007efd84300000,0x00007efd84304000] with protection modes 0
Event: 0.063 Protecting memory [0x00007efd5c900000,0x00007efd5c904000] with protection modes 0
Event: 0.064 Protecting memory [0x00007efd5c7ff000,0x00007efd5c803000] with protection modes 0
Event: 0.068 Protecting memory [0x00007efd5c6fe000,0x00007efd5c702000] with protection modes 0
Event: 0.068 Protecting memory [0x00007efd5c300000,0x00007efd5c304000] with protection modes 0
Event: 0.068 Protecting memory [0x00007efd5c1ff000,0x00007efd5c203000] with protection modes 0
Event: 0.069 Protecting memory [0x00007efd5c0fe000,0x00007efd5c102000] with protection modes 0
Event: 0.069 Protecting memory [0x00007efd4df00000,0x00007efd4df04000] with protection modes 0
Event: 0.069 Protecting memory [0x00007efd4ddff000,0x00007efd4de03000] with protection modes 0
Event: 0.091 Protecting memory [0x00007efd4dcfe000,0x00007efd4dd02000] with protection modes 0
Event: 0.134 Protecting memory [0x00007efd4d900000,0x00007efd4d904000] with protection modes 0
Event: 0.134 Protecting memory [0x00007efd4d500000,0x00007efd4d504000] with protection modes 0
Event: 0.241 Protecting memory [0x00007efd4cd00000,0x00007efd4cd04000] with protection modes 0
Event: 1.902 Protecting memory [0x00007efd4c0fc000,0x00007efd4c100000] with protection modes 0

Nmethod flushes (0 events):
No events

Events (15 events):
Event: 0.060 Thread 0x00007efd7c02bdb0 Thread added: 0x00007efd7c02bdb0
Event: 0.063 Thread 0x00007efd7c02bdb0 Thread added: 0x00007efd7c18f1c0
Event: 0.063 Thread 0x00007efd7c02bdb0 Thread added: 0x00007efd7c1905b0
Event: 0.068 Thread 0x00007efd7c02bdb0 Thread added: 0x00007efd7c196d90
Event: 0.068 Thread 0x00007efd7c02bdb0 Thread added: 0x00007efd7c198150
Event: 0.068 Thread 0x00007efd7c02bdb0 Thread added: 0x00007efd7c199570
Event: 0.069 Thread 0x00007efd7c02bdb0 Thread added: 0x00007efd7c19af30
Event: 0.069 Thread 0x00007efd7c02bdb0 Thread added: 0x00007efd7c19c470
Event: 0.069 Thread 0x00007efd7c02bdb0 Thread added: 0x00007efd7c19d8f0
Event: 0.090 Thread 0x00007efd7c02bdb0 Thread added: 0x00007efd7c1a8ef0
Event: 0.134 Thread 0x00007efd7c02bdb0 Thread added: 0x00007efd7c22beb0
Event: 0.134 Thread 0x00007efd7c02bdb0 Thread added: 0x00007efd7c23e290
Event: 0.241 Thread 0x00007efd7c02bdb0 Thread added: 0x00007efd7c40ad60
Event: 0.249 Thread 0x00007efd7c40ad60 Thread exited: 0x00007efd7c40ad60
Event: 1.902 Thread 0x00007efd7c02bdb0 Thread added: 0x00007efd7c9c7060


Dynamic libraries:
710000000-712e00000 rw-p 00000000 00:00 0 
712e00000-71a800000 ---p 00000000 00:00 0 
71a800000-71b000000 rw-p 00000000 00:00 0 
71b000000-71ee00000 ---p 00000000 00:00 0 
71ee00000-71f000000 rw-p 00000000 00:00 0 
71f000000-7ffc00000 ---p 00000000 00:00 0 
7ffc00000-7ffd00000 rw-p 00000000 00:00 0 
7ffd00000-7ffd75000 rw-p 00c78000 103:05 6180066                         /home/zhabka/.jdks/corretto-17.0.14/lib/server/classes.jsa
7ffd75000-7ffe00000 rw-p 00000000 00:00 0 
7ffe00000-7ffe77000 rw-p 00c01000 103:05 6180066                         /home/zhabka/.jdks/corretto-17.0.14/lib/server/classes.jsa
7ffe77000-800000000 rw-p 00000000 00:00 0 
55bfcc200000-55bfcc201000 r-xp 00000000 103:05 6180220                   /home/zhabka/.jdks/corretto-17.0.14/bin/java
55bfcc401000-55bfcc402000 r--p 00001000 103:05 6180220                   /home/zhabka/.jdks/corretto-17.0.14/bin/java
55bfcc402000-55bfcc403000 rw-p 00002000 103:05 6180220                   /home/zhabka/.jdks/corretto-17.0.14/bin/java
55bff9821000-55bff9869000 rw-p 00000000 00:00 0                          [heap]
7efc94000000-7efc94021000 rw-p 00000000 00:00 0 
7efc94021000-7efc98000000 ---p 00000000 00:00 0 
7efc9c000000-7efc9c021000 rw-p 00000000 00:00 0 
7efc9c021000-7efca0000000 ---p 00000000 00:00 0 
7efca0000000-7efca0021000 rw-p 00000000 00:00 0 
7efca0021000-7efca4000000 ---p 00000000 00:00 0 
7efca4000000-7efca4021000 rw-p 00000000 00:00 0 
7efca4021000-7efca8000000 ---p 00000000 00:00 0 
7efca8000000-7efca8021000 rw-p 00000000 00:00 0 
7efca8021000-7efcac000000 ---p 00000000 00:00 0 
7efcac000000-7efcac021000 rw-p 00000000 00:00 0 
7efcac021000-7efcb0000000 ---p 00000000 00:00 0 
7efcb0000000-7efcb0021000 rw-p 00000000 00:00 0 
7efcb0021000-7efcb4000000 ---p 00000000 00:00 0 
7efcb4000000-7efcb4021000 rw-p 00000000 00:00 0 
7efcb4021000-7efcb8000000 ---p 00000000 00:00 0 
7efcb8000000-7efcb8021000 rw-p 00000000 00:00 0 
7efcb8021000-7efcbc000000 ---p 00000000 00:00 0 
7efcbc000000-7efcbc021000 rw-p 00000000 00:00 0 
7efcbc021000-7efcc0000000 ---p 00000000 00:00 0 
7efcc0000000-7efcc0021000 rw-p 00000000 00:00 0 
7efcc0021000-7efcc4000000 ---p 00000000 00:00 0 
7efcc4000000-7efcc4021000 rw-p 00000000 00:00 0 
7efcc4021000-7efcc8000000 ---p 00000000 00:00 0 
7efcc8000000-7efcc8021000 rw-p 00000000 00:00 0 
7efcc8021000-7efccc000000 ---p 00000000 00:00 0 
7efccc000000-7efccc021000 rw-p 00000000 00:00 0 
7efccc021000-7efcd0000000 ---p 00000000 00:00 0 
7efcd0000000-7efcd0021000 rw-p 00000000 00:00 0 
7efcd0021000-7efcd4000000 ---p 00000000 00:00 0 
7efcd4000000-7efcd4021000 rw-p 00000000 00:00 0 
7efcd4021000-7efcd8000000 ---p 00000000 00:00 0 
7efcd8000000-7efcd8021000 rw-p 00000000 00:00 0 
7efcd8021000-7efcdc000000 ---p 00000000 00:00 0 
7efcdc000000-7efcdcc30000 rw-p 00000000 00:00 0 
7efcdcc30000-7efce0000000 ---p 00000000 00:00 0 
7efce0000000-7efce0888000 rw-p 00000000 00:00 0 
7efce0888000-7efce4000000 ---p 00000000 00:00 0 
7efce4000000-7efce4021000 rw-p 00000000 00:00 0 
7efce4021000-7efce8000000 ---p 00000000 00:00 0 
7efce8000000-7efce8021000 rw-p 00000000 00:00 0 
7efce8021000-7efcec000000 ---p 00000000 00:00 0 
7efcec000000-7efcec021000 rw-p 00000000 00:00 0 
7efcec021000-7efcf0000000 ---p 00000000 00:00 0 
7efcf0000000-7efcf0021000 rw-p 00000000 00:00 0 
7efcf0021000-7efcf4000000 ---p 00000000 00:00 0 
7efcf4000000-7efcf4021000 rw-p 00000000 00:00 0 
7efcf4021000-7efcf8000000 ---p 00000000 00:00 0 
7efcfa868000-7efcfaafb000 rw-p 00000000 00:00 0 
7efcfaafb000-7efcfaafc000 ---p 00000000 00:00 0 
7efcfaafc000-7efcfabfc000 rw-p 00000000 00:00 0 
7efcfabfc000-7efcfabfd000 ---p 00000000 00:00 0 
7efcfabfd000-7efcfacfd000 rw-p 00000000 00:00 0 
7efcfacfd000-7efcfacfe000 ---p 00000000 00:00 0 
7efcfacfe000-7efcfadfe000 rw-p 00000000 00:00 0 
7efcfadfe000-7efcfadff000 ---p 00000000 00:00 0 
7efcfadff000-7efcfaeff000 rw-p 00000000 00:00 0 
7efcfaeff000-7efcfaf00000 ---p 00000000 00:00 0 
7efcfaf00000-7efcfb000000 rw-p 00000000 00:00 0 
7efcfb000000-7efcfb400000 rw-p 00000000 00:00 0 
7efcfb400000-7efcfbfc0000 rw-p 00000000 00:00 0 
7efcfbfc0000-7efcfc000000 rw-p 00000000 00:00 0 
7efcfc000000-7efcfc540000 rw-p 00000000 00:00 0 
7efcfc540000-7efcfc600000 ---p 00000000 00:00 0 
7efcfc600000-7efcfc660000 rw-p 00000000 00:00 0 
7efcfc660000-7efcff000000 ---p 00000000 00:00 0 
7efcff000000-7efcffbc9000 rw-p 00001000 103:05 6180066                   /home/zhabka/.jdks/corretto-17.0.14/lib/server/classes.jsa
7efcffbc9000-7efd00000000 ---p 00000000 00:00 0 
7efd00000000-7efd00040000 rw-p 00000000 00:00 0 
7efd00040000-7efd00080000 rw-p 00000000 00:00 0 
7efd00080000-7efd001c0000 rw-p 00000000 00:00 0 
7efd001c0000-7efd001e0000 rw-p 00000000 00:00 0 
7efd001e0000-7efd00200000 ---p 00000000 00:00 0 
7efd00200000-7efd00330000 rw-p 00000000 00:00 0 
7efd00330000-7efd40000000 ---p 00000000 00:00 0 
7efd40000000-7efd40021000 rw-p 00000000 00:00 0 
7efd40021000-7efd44000000 ---p 00000000 00:00 0 
7efd44000000-7efd44021000 rw-p 00000000 00:00 0 
7efd44021000-7efd48000000 ---p 00000000 00:00 0 
7efd48000000-7efd48021000 rw-p 00000000 00:00 0 
7efd48021000-7efd4c000000 ---p 00000000 00:00 0 
7efd4c0fb000-7efd4c0fc000 ---p 00000000 00:00 0 
7efd4c0fc000-7efd4c100000 ---p 00000000 00:00 0 
7efd4c100000-7efd4c1fc000 rw-p 00000000 00:00 0 
7efd4c1fc000-7efd4c1fd000 ---p 00000000 00:00 0 
7efd4c1fd000-7efd4c2fd000 rw-p 00000000 00:00 0 
7efd4c2fd000-7efd4c2fe000 ---p 00000000 00:00 0 
7efd4c2fe000-7efd4c3fe000 rw-p 00000000 00:00 0 
7efd4c3fe000-7efd4c3ff000 ---p 00000000 00:00 0 
7efd4c3ff000-7efd4c4ff000 rw-p 00000000 00:00 0 
7efd4c4ff000-7efd4c500000 ---p 00000000 00:00 0 
7efd4c500000-7efd4c600000 rw-p 00000000 00:00 0 
7efd4c600000-7efd4c60d000 r-xp 00000000 103:05 6180050                   /home/zhabka/.jdks/corretto-17.0.14/lib/libverify.so
7efd4c60d000-7efd4c80c000 ---p 0000d000 103:05 6180050                   /home/zhabka/.jdks/corretto-17.0.14/lib/libverify.so
7efd4c80c000-7efd4c80e000 r--p 0000c000 103:05 6180050                   /home/zhabka/.jdks/corretto-17.0.14/lib/libverify.so
7efd4c80e000-7efd4c80f000 rw-p 00000000 00:00 0 
7efd4c8ff000-7efd4c900000 ---p 00000000 00:00 0 
7efd4c900000-7efd4ca00000 rw-p 00000000 00:00 0 
7efd4ca00000-7efd4ca03000 r-xp 00000000 00:24 2782                       /tmp/jansi-2.4.1-b16a41e244c5cc29-libjansi.so
7efd4ca03000-7efd4cc02000 ---p 00003000 00:24 2782                       /tmp/jansi-2.4.1-b16a41e244c5cc29-libjansi.so
7efd4cc02000-7efd4cc03000 r--p 00002000 00:24 2782                       /tmp/jansi-2.4.1-b16a41e244c5cc29-libjansi.so
7efd4cc03000-7efd4cc04000 rw-p 00003000 00:24 2782                       /tmp/jansi-2.4.1-b16a41e244c5cc29-libjansi.so
7efd4ccff000-7efd4cd00000 ---p 00000000 00:00 0 
7efd4cd00000-7efd4cd04000 ---p 00000000 00:00 0 
7efd4cd04000-7efd4ce00000 rw-p 00000000 00:00 0 
7efd4ce00000-7efd4ce02000 r-xp 00000000 103:05 6180119                   /home/zhabka/.jdks/corretto-17.0.14/lib/libextnet.so
7efd4ce02000-7efd4d001000 ---p 00002000 103:05 6180119                   /home/zhabka/.jdks/corretto-17.0.14/lib/libextnet.so
7efd4d001000-7efd4d002000 r--p 00001000 103:05 6180119                   /home/zhabka/.jdks/corretto-17.0.14/lib/libextnet.so
7efd4d002000-7efd4d003000 rw-p 00000000 00:00 0 
7efd4d0ff000-7efd4d100000 ---p 00000000 00:00 0 
7efd4d100000-7efd4d200000 rw-p 00000000 00:00 0 
7efd4d200000-7efd4d215000 r-xp 00000000 103:05 6180048                   /home/zhabka/.jdks/corretto-17.0.14/lib/libnet.so
7efd4d215000-7efd4d414000 ---p 00015000 103:05 6180048                   /home/zhabka/.jdks/corretto-17.0.14/lib/libnet.so
7efd4d414000-7efd4d415000 r--p 00014000 103:05 6180048                   /home/zhabka/.jdks/corretto-17.0.14/lib/libnet.so
7efd4d415000-7efd4d416000 rw-p 00015000 103:05 6180048                   /home/zhabka/.jdks/corretto-17.0.14/lib/libnet.so
7efd4d4ff000-7efd4d500000 ---p 00000000 00:00 0 
7efd4d500000-7efd4d504000 ---p 00000000 00:00 0 
7efd4d504000-7efd4d600000 rw-p 00000000 00:00 0 
7efd4d600000-7efd4d612000 r-xp 00000000 103:05 6180049                   /home/zhabka/.jdks/corretto-17.0.14/lib/libnio.so
7efd4d612000-7efd4d812000 ---p 00012000 103:05 6180049                   /home/zhabka/.jdks/corretto-17.0.14/lib/libnio.so
7efd4d812000-7efd4d813000 r--p 00012000 103:05 6180049                   /home/zhabka/.jdks/corretto-17.0.14/lib/libnio.so
7efd4d813000-7efd4d814000 rw-p 00013000 103:05 6180049                   /home/zhabka/.jdks/corretto-17.0.14/lib/libnio.so
7efd4d8ff000-7efd4d900000 ---p 00000000 00:00 0 
7efd4d900000-7efd4d904000 ---p 00000000 00:00 0 
7efd4d904000-7efd4da00000 rw-p 00000000 00:00 0 
7efd4da00000-7efd4da07000 r-xp 00000000 103:05 6180051                   /home/zhabka/.jdks/corretto-17.0.14/lib/libzip.so
7efd4da07000-7efd4dc07000 ---p 00007000 103:05 6180051                   /home/zhabka/.jdks/corretto-17.0.14/lib/libzip.so
7efd4dc07000-7efd4dc08000 r--p 00007000 103:05 6180051                   /home/zhabka/.jdks/corretto-17.0.14/lib/libzip.so
7efd4dc08000-7efd4dc09000 rw-p 00000000 00:00 0 
7efd4dcfd000-7efd4dcfe000 ---p 00000000 00:00 0 
7efd4dcfe000-7efd4dd02000 ---p 00000000 00:00 0 
7efd4dd02000-7efd4ddfe000 rw-p 00000000 00:00 0 
7efd4ddfe000-7efd4ddff000 ---p 00000000 00:00 0 
7efd4ddff000-7efd4de03000 ---p 00000000 00:00 0 
7efd4de03000-7efd4deff000 rw-p 00000000 00:00 0 
7efd4deff000-7efd4df00000 ---p 00000000 00:00 0 
7efd4df00000-7efd4df04000 ---p 00000000 00:00 0 
7efd4df04000-7efd4e000000 rw-p 00000000 00:00 0 
7efd4e000000-7efd50021000 rw-p 00000000 00:00 0 
7efd50021000-7efd54000000 ---p 00000000 00:00 0 
7efd54000000-7efd54021000 rw-p 00000000 00:00 0 
7efd54021000-7efd58000000 ---p 00000000 00:00 0 
7efd58000000-7efd58021000 rw-p 00000000 00:00 0 
7efd58021000-7efd5c000000 ---p 00000000 00:00 0 
7efd5c0fd000-7efd5c0fe000 ---p 00000000 00:00 0 
7efd5c0fe000-7efd5c102000 ---p 00000000 00:00 0 
7efd5c102000-7efd5c1fe000 rw-p 00000000 00:00 0 
7efd5c1fe000-7efd5c1ff000 ---p 00000000 00:00 0 
7efd5c1ff000-7efd5c203000 ---p 00000000 00:00 0 
7efd5c203000-7efd5c2ff000 rw-p 00000000 00:00 0 
7efd5c2ff000-7efd5c300000 ---p 00000000 00:00 0 
7efd5c300000-7efd5c304000 ---p 00000000 00:00 0 
7efd5c304000-7efd5c400000 rw-p 00000000 00:00 0 
7efd5c400000-7efd5c6ed000 r--p 00000000 103:05 1338124                   /usr/lib/locale/locale-archive
7efd5c6fd000-7efd5c6fe000 ---p 00000000 00:00 0 
7efd5c6fe000-7efd5c702000 ---p 00000000 00:00 0 
7efd5c702000-7efd5c7fe000 rw-p 00000000 00:00 0 
7efd5c7fe000-7efd5c7ff000 ---p 00000000 00:00 0 
7efd5c7ff000-7efd5c803000 ---p 00000000 00:00 0 
7efd5c803000-7efd5c8ff000 rw-p 00000000 00:00 0 
7efd5c8ff000-7efd5c900000 ---p 00000000 00:00 0 
7efd5c900000-7efd5c904000 ---p 00000000 00:00 0 
7efd5c904000-7efd5ca00000 rw-p 00000000 00:00 0 
7efd5ca00000-7efd5cace000 r-xp 00000000 103:05 6180105                   /home/zhabka/.jdks/corretto-17.0.14/lib/libjsvml.so
7efd5cace000-7efd5cccd000 ---p 000ce000 103:05 6180105                   /home/zhabka/.jdks/corretto-17.0.14/lib/libjsvml.so
7efd5cccd000-7efd5ccce000 r--p 000cd000 103:05 6180105                   /home/zhabka/.jdks/corretto-17.0.14/lib/libjsvml.so
7efd5ccce000-7efd5cccf000 rw-p 000ce000 103:05 6180105                   /home/zhabka/.jdks/corretto-17.0.14/lib/libjsvml.so
7efd5ccf1000-7efd5ccf2000 ---p 00000000 00:00 0 
7efd5ccf2000-7efd5cdf2000 rw-p 00000000 00:00 0 
7efd5cdf2000-7efd5cdf3000 ---p 00000000 00:00 0 
7efd5cdf3000-7efd5cef3000 rw-p 00000000 00:00 0 
7efd5cef3000-7efd5cef4000 ---p 00000000 00:00 0 
7efd5cef4000-7efd5cff4000 rw-p 00000000 00:00 0 
7efd5cff4000-7efd5d9fe000 rw-p 00000000 00:00 0 
7efd5d9fe000-7efd5d9ff000 ---p 00000000 00:00 0 
7efd5d9ff000-7efd5daff000 rw-p 00000000 00:00 0 
7efd5daff000-7efd5db00000 ---p 00000000 00:00 0 
7efd5db00000-7efd5dc00000 rw-p 00000000 00:00 0 
7efd5dc00000-7efd5dcb8000 rw-p 00000000 00:00 0 
7efd5dcb8000-7efd5dea0000 ---p 00000000 00:00 0 
7efd5dea0000-7efd5dec0000 rw-p 00000000 00:00 0 
7efd5dec0000-7efd5dfb8000 ---p 00000000 00:00 0 
7efd5dfb8000-7efd5dfc0000 rw-p 00000000 00:00 0 
7efd5dfc0000-7efd617f0000 ---p 00000000 00:00 0 
7efd617f0000-7efd618b8000 rw-p 00000000 00:00 0 
7efd618b8000-7efd61aa0000 ---p 00000000 00:00 0 
7efd61aa0000-7efd61ac0000 rw-p 00000000 00:00 0 
7efd61ac0000-7efd61bb8000 ---p 00000000 00:00 0 
7efd61bb8000-7efd61bc0000 rw-p 00000000 00:00 0 
7efd61bc0000-7efd653f0000 ---p 00000000 00:00 0 
7efd653f0000-7efd65400000 rw-p 00000000 00:00 0 
7efd65400000-7efd65bd0000 rwxp 00000000 00:00 0 
7efd65bd0000-7efd6c937000 ---p 00000000 00:00 0 
7efd6c937000-7efd6cba7000 rwxp 00000000 00:00 0 
7efd6cba7000-7efd6cec9000 ---p 00000000 00:00 0 
7efd6cec9000-7efd6d139000 rwxp 00000000 00:00 0 
7efd6d139000-7efd74400000 ---p 00000000 00:00 0 
7efd74400000-7efd7bfdf000 r--s 00000000 103:05 6180036                   /home/zhabka/.jdks/corretto-17.0.14/lib/modules
7efd7c000000-7efd7ce22000 rw-p 00000000 00:00 0 
7efd7ce22000-7efd80000000 ---p 00000000 00:00 0 
7efd80077000-7efd80078000 ---p 00000000 00:00 0 
7efd80078000-7efd80178000 rw-p 00000000 00:00 0 
7efd80178000-7efd8018f000 rw-p 00000000 00:00 0 
7efd8018f000-7efd801cc000 ---p 00000000 00:00 0 
7efd801cc000-7efd801d0000 rw-p 00000000 00:00 0 
7efd801d0000-7efd801ef000 ---p 00000000 00:00 0 
7efd801ef000-7efd801f0000 rw-p 00000000 00:00 0 
7efd801f0000-7efd808f6000 ---p 00000000 00:00 0 
7efd808f6000-7efd8090f000 rw-p 00000000 00:00 0 
7efd8090f000-7efd8094c000 ---p 00000000 00:00 0 
7efd8094c000-7efd80950000 rw-p 00000000 00:00 0 
7efd80950000-7efd8096f000 ---p 00000000 00:00 0 
7efd8096f000-7efd80970000 rw-p 00000000 00:00 0 
7efd80970000-7efd81076000 ---p 00000000 00:00 0 
7efd81076000-7efd8108f000 rw-p 00000000 00:00 0 
7efd8108f000-7efd810cc000 ---p 00000000 00:00 0 
7efd810cc000-7efd810d0000 rw-p 00000000 00:00 0 
7efd810d0000-7efd810ef000 ---p 00000000 00:00 0 
7efd810ef000-7efd810f0000 rw-p 00000000 00:00 0 
7efd810f0000-7efd817f6000 ---p 00000000 00:00 0 
7efd817f6000-7efd82000000 rw-p 00000000 00:00 0 
7efd82000000-7efd82024000 r-xp 00000000 103:05 6180042                   /home/zhabka/.jdks/corretto-17.0.14/lib/libjava.so
7efd82024000-7efd82224000 ---p 00024000 103:05 6180042                   /home/zhabka/.jdks/corretto-17.0.14/lib/libjava.so
7efd82224000-7efd82225000 r--p 00024000 103:05 6180042                   /home/zhabka/.jdks/corretto-17.0.14/lib/libjava.so
7efd82225000-7efd82226000 rw-p 00025000 103:05 6180042                   /home/zhabka/.jdks/corretto-17.0.14/lib/libjava.so
7efd82226000-7efd82227000 rw-p 00000000 00:00 0 
7efd822ff000-7efd82400000 rw-p 00000000 00:00 0 
7efd82400000-7efd8240a000 r-xp 00000000 103:05 6180087                   /home/zhabka/.jdks/corretto-17.0.14/lib/libinstrument.so
7efd8240a000-7efd82609000 ---p 0000a000 103:05 6180087                   /home/zhabka/.jdks/corretto-17.0.14/lib/libinstrument.so
7efd82609000-7efd8260a000 r--p 00009000 103:05 6180087                   /home/zhabka/.jdks/corretto-17.0.14/lib/libinstrument.so
7efd8260a000-7efd8260b000 rw-p 0000a000 103:05 6180087                   /home/zhabka/.jdks/corretto-17.0.14/lib/libinstrument.so
7efd826ff000-7efd82800000 rw-p 00000000 00:00 0 
7efd82800000-7efd8281b000 r-xp 00000000 103:05 6180045                   /home/zhabka/.jdks/corretto-17.0.14/lib/libjimage.so
7efd8281b000-7efd82a1a000 ---p 0001b000 103:05 6180045                   /home/zhabka/.jdks/corretto-17.0.14/lib/libjimage.so
7efd82a1a000-7efd82a1c000 r--p 0001a000 103:05 6180045                   /home/zhabka/.jdks/corretto-17.0.14/lib/libjimage.so
7efd82a1c000-7efd82a1d000 rw-p 0001c000 103:05 6180045                   /home/zhabka/.jdks/corretto-17.0.14/lib/libjimage.so
7efd82a94000-7efd82b1a000 rw-p 00000000 00:00 0 
7efd82b1a000-7efd82c00000 ---p 00000000 00:00 0 
7efd82c00000-7efd83ec9000 r-xp 00000000 103:05 6180063                   /home/zhabka/.jdks/corretto-17.0.14/lib/server/libjvm.so
7efd83ec9000-7efd840c9000 ---p 012c9000 103:05 6180063                   /home/zhabka/.jdks/corretto-17.0.14/lib/server/libjvm.so
7efd840c9000-7efd84182000 r--p 012c9000 103:05 6180063                   /home/zhabka/.jdks/corretto-17.0.14/lib/server/libjvm.so
7efd84182000-7efd841b7000 rw-p 01382000 103:05 6180063                   /home/zhabka/.jdks/corretto-17.0.14/lib/server/libjvm.so
7efd841b7000-7efd84212000 rw-p 00000000 00:00 0 
7efd84215000-7efd84225000 rw-p 00000000 00:00 0 
7efd84225000-7efd84300000 ---p 00000000 00:00 0 
7efd84300000-7efd84304000 ---p 00000000 00:00 0 
7efd84304000-7efd84400000 rw-p 00000000 00:00 0 
7efd84400000-7efd84424000 r--p 00000000 103:05 1325303                   /usr/lib/libc.so.6
7efd84424000-7efd84596000 r-xp 00024000 103:05 1325303                   /usr/lib/libc.so.6
7efd84596000-7efd84605000 r--p 00196000 103:05 1325303                   /usr/lib/libc.so.6
7efd84605000-7efd84609000 r--p 00204000 103:05 1325303                   /usr/lib/libc.so.6
7efd84609000-7efd8460b000 rw-p 00208000 103:05 1325303                   /usr/lib/libc.so.6
7efd8460b000-7efd84613000 rw-p 00000000 00:00 0 
7efd8461f000-7efd846bb000 rw-p 00000000 00:00 0 
7efd846f2000-7efd84701000 r--p 00000000 103:05 1329369                   /usr/lib/libm.so.6
7efd84701000-7efd8478c000 r-xp 0000f000 103:05 1329369                   /usr/lib/libm.so.6
7efd8478c000-7efd847fe000 r--p 0009a000 103:05 1329369                   /usr/lib/libm.so.6
7efd847fe000-7efd847ff000 r--p 0010b000 103:05 1329369                   /usr/lib/libm.so.6
7efd847ff000-7efd84800000 rw-p 0010c000 103:05 1329369                   /usr/lib/libm.so.6
7efd84800000-7efd8480f000 r-xp 00000000 103:05 6180046                   /home/zhabka/.jdks/corretto-17.0.14/lib/libjli.so
7efd8480f000-7efd84a0e000 ---p 0000f000 103:05 6180046                   /home/zhabka/.jdks/corretto-17.0.14/lib/libjli.so
7efd84a0e000-7efd84a0f000 r--p 0000e000 103:05 6180046                   /home/zhabka/.jdks/corretto-17.0.14/lib/libjli.so
7efd84a0f000-7efd84a10000 rw-p 0000f000 103:05 6180046                   /home/zhabka/.jdks/corretto-17.0.14/lib/libjli.so
7efd84a22000-7efd84a9e000 rw-p 00000000 00:00 0 
7efd84a9e000-7efd84a9f000 r--p 00000000 103:05 1329398                   /usr/lib/librt.so.1
7efd84a9f000-7efd84aa0000 r-xp 00001000 103:05 1329398                   /usr/lib/librt.so.1
7efd84aa0000-7efd84aa1000 r--p 00002000 103:05 1329398                   /usr/lib/librt.so.1
7efd84aa1000-7efd84aa2000 r--p 00002000 103:05 1329398                   /usr/lib/librt.so.1
7efd84aa2000-7efd84aa3000 rw-p 00003000 103:05 1329398                   /usr/lib/librt.so.1
7efd84aa3000-7efd84aa5000 rw-p 00000000 00:00 0 
7efd84aa5000-7efd84aa6000 r--p 00000000 103:05 1329362                   /usr/lib/libdl.so.2
7efd84aa6000-7efd84aa7000 r-xp 00001000 103:05 1329362                   /usr/lib/libdl.so.2
7efd84aa7000-7efd84aa8000 r--p 00002000 103:05 1329362                   /usr/lib/libdl.so.2
7efd84aa8000-7efd84aa9000 r--p 00002000 103:05 1329362                   /usr/lib/libdl.so.2
7efd84aa9000-7efd84aaa000 rw-p 00003000 103:05 1329362                   /usr/lib/libdl.so.2
7efd84aaa000-7efd84aab000 r--p 00000000 103:05 1329393                   /usr/lib/libpthread.so.0
7efd84aab000-7efd84aac000 r-xp 00001000 103:05 1329393                   /usr/lib/libpthread.so.0
7efd84aac000-7efd84aad000 r--p 00002000 103:05 1329393                   /usr/lib/libpthread.so.0
7efd84aad000-7efd84aae000 r--p 00002000 103:05 1329393                   /usr/lib/libpthread.so.0
7efd84aae000-7efd84aaf000 rw-p 00003000 103:05 1329393                   /usr/lib/libpthread.so.0
7efd84aaf000-7efd84ab2000 r--p 00000000 103:05 1318165                   /usr/lib/libz.so.1.3.1
7efd84ab2000-7efd84ac0000 r-xp 00003000 103:05 1318165                   /usr/lib/libz.so.1.3.1
7efd84ac0000-7efd84ac6000 r--p 00011000 103:05 1318165                   /usr/lib/libz.so.1.3.1
7efd84ac6000-7efd84ac7000 r--p 00017000 103:05 1318165                   /usr/lib/libz.so.1.3.1
7efd84ac7000-7efd84ac8000 rw-p 00018000 103:05 1318165                   /usr/lib/libz.so.1.3.1
7efd84af3000-7efd84afa000 r--s 00000000 103:05 1338125                   /usr/lib/gconv/gconv-modules.cache
7efd84afa000-7efd84aff000 rw-p 00000000 00:00 0 
7efd84aff000-7efd84b06000 ---p 00000000 00:00 0 
7efd84b06000-7efd84b0e000 rw-s 00000000 00:24 2780                       /tmp/hsperfdata_zhabka/200743
7efd84b0e000-7efd84b0f000 ---p 00000000 00:00 0 
7efd84b0f000-7efd84b10000 r--p 00000000 00:00 0 
7efd84b10000-7efd84b11000 ---p 00000000 00:00 0 
7efd84b11000-7efd84b13000 rw-p 00000000 00:00 0 
7efd84b13000-7efd84b17000 r--p 00000000 00:00 0                          [vvar]
7efd84b17000-7efd84b19000 r-xp 00000000 00:00 0                          [vdso]
7efd84b19000-7efd84b1a000 r--p 00000000 103:05 1323331                   /usr/lib/ld-linux-x86-64.so.2
7efd84b1a000-7efd84b44000 r-xp 00001000 103:05 1323331                   /usr/lib/ld-linux-x86-64.so.2
7efd84b44000-7efd84b52000 r--p 0002b000 103:05 1323331                   /usr/lib/ld-linux-x86-64.so.2
7efd84b52000-7efd84b54000 r--p 00039000 103:05 1323331                   /usr/lib/ld-linux-x86-64.so.2
7efd84b54000-7efd84b55000 rw-p 0003b000 103:05 1323331                   /usr/lib/ld-linux-x86-64.so.2
7efd84b55000-7efd84b56000 rw-p 00000000 00:00 0 
7ffc6cdda000-7ffc6cdfc000 rw-p 00000000 00:00 0                          [stack]
ffffffffff600000-ffffffffff601000 --xp 00000000 00:00 0                  [vsyscall]


VM Arguments:
jvm_args: -Dmaven.multiModuleProjectDirectory=/home/zhabka/Documents/labs/web_prog/lab2/lab2 -Djansi.passthrough=true -Dmaven.home=/home/zhabka/apps/idea-IC-243.23654.189/plugins/maven/lib/maven3 -Dclassworlds.conf=/home/zhabka/apps/idea-IC-243.23654.189/plugins/maven/lib/maven3/bin/m2.conf -Dmaven.ext.class.path=/home/zhabka/apps/idea-IC-243.23654.189/plugins/maven/lib/maven-event-listener.jar -javaagent:/home/zhabka/apps/idea-IC-243.23654.189/lib/idea_rt.jar=45073 -Dfile.encoding=UTF-8 
java_command: org.codehaus.classworlds.Launcher -Didea.version=2024.3.6 clean package
java_class_path (initial): /home/zhabka/apps/idea-IC-243.23654.189/plugins/maven/lib/maven3/boot/plexus-classworlds-2.8.0.jar:/home/zhabka/apps/idea-IC-243.23654.189/plugins/maven/lib/maven3/boot/plexus-classworlds.license
Launcher Type: SUN_STANDARD

[Global flags]
     intx CICompilerCount                          = 4                                         {product} {ergonomic}
     uint ConcGCThreads                            = 3                                         {product} {ergonomic}
     uint G1ConcRefinementThreads                  = 10                                        {product} {ergonomic}
   size_t G1HeapRegionSize                         = 2097152                                   {product} {ergonomic}
    uintx GCDrainStackTargetSize                   = 64                                        {product} {ergonomic}
   size_t InitialHeapSize                          = 251658240                                 {product} {ergonomic}
   size_t MarkStackSize                            = 4194304                                   {product} {ergonomic}
   size_t MaxHeapSize                              = 4026531840                                {product} {ergonomic}
   size_t MaxNewSize                               = 2415919104                                {product} {ergonomic}
   size_t MinHeapDeltaBytes                        = 2097152                                   {product} {ergonomic}
   size_t MinHeapSize                              = 8388608                                   {product} {ergonomic}
    uintx NonNMethodCodeHeapSize                   = 5839372                                {pd product} {ergonomic}
    uintx NonProfiledCodeHeapSize                  = 122909434                              {pd product} {ergonomic}
    uintx ProfiledCodeHeapSize                     = 122909434                              {pd product} {ergonomic}
    uintx ReservedCodeCacheSize                    = 251658240                              {pd product} {ergonomic}
     bool SegmentedCodeCache                       = true                                      {product} {ergonomic}
   size_t SoftMaxHeapSize                          = 4026531840                             {manageable} {ergonomic}
     bool UseCompressedClassPointers               = true                           {product lp64_product} {ergonomic}
     bool UseCompressedOops                        = true                           {product lp64_product} {ergonomic}
     bool UseG1GC                                  = true                                      {product} {ergonomic}

Logging:
Log output configuration:
 #0: stdout all=warning uptime,level,tags
 #1: stderr all=off uptime,level,tags

Environment Variables:
PATH=/home/zhabka/.cargo/bin:/home/zhabka/apps/gradle-8.12.1/bin:/home/zhabka/apps/idea-IC-243.23654.189/bin:/home/zhabka/apps/VSCode-linux-x64/bin:/home/zhabka/.local/bin:/usr/local/sbin:/usr/local/bin:/usr/bin:/var/lib/flatpak/exports/bin:/usr/lib/jvm/default/bin:/usr/bin/site_perl:/usr/bin/vendor_perl:/usr/bin/core_perl:/usr/lib/rustup/bin:/home/zhabka/.lmstudio/bin
SHELL=/bin/bash
DISPLAY=:0
LANG=en_US.UTF-8
LC_NUMERIC=en_US.UTF-8
LC_TIME=C

Active Locale:
LC_ALL=LC_CTYPE=en_US.UTF-8;LC_NUMERIC=en_US.UTF-8;LC_TIME=C;LC_COLLATE=en_US.UTF-8;LC_MONETARY=en_US.UTF-8;LC_MESSAGES=en_US.UTF-8;LC_PAPER=en_US.UTF-8;LC_NAME=en_US.UTF-8;LC_ADDRESS=en_US.UTF-8;LC_TELEPHONE=en_US.UTF-8;LC_MEASUREMENT=en_US.UTF-8;LC_IDENTIFICATION=ru_RU.UTF-8
LC_COLLATE=en_US.UTF-8
LC_CTYPE=en_US.UTF-8
LC_MESSAGES=en_US.UTF-8
LC_MONETARY=en_US.UTF-8
LC_NUMERIC=en_US.UTF-8
LC_TIME=C

Signal Handlers:
   SIGSEGV: crash_handler in libjvm.so, mask=11100100010111111101111111111110, flags=SA_RESTART|SA_SIGINFO, unblocked
    SIGBUS: crash_handler in libjvm.so, mask=11100100010111111101111111111110, flags=SA_RESTART|SA_SIGINFO, unblocked
    SIGFPE: crash_handler in libjvm.so, mask=11100100010111111101111111111110, flags=SA_RESTART|SA_SIGINFO, unblocked
   SIGPIPE: javaSignalHandler in libjvm.so, mask=11100100010111111101111111111110, flags=SA_RESTART|SA_SIGINFO, blocked
   SIGXFSZ: javaSignalHandler in libjvm.so, mask=11100100010111111101111111111110, flags=SA_RESTART|SA_SIGINFO, blocked
    SIGILL: crash_handler in libjvm.so, mask=11100100010111111101111111111110, flags=SA_RESTART|SA_SIGINFO, unblocked
   SIGUSR2: SR_handler in libjvm.so, mask=00000000000000000000000000000000, flags=SA_RESTART|SA_SIGINFO, blocked
    SIGHUP: UserHandler in libjvm.so, mask=11100100010111111101111111111110, flags=SA_RESTART|SA_SIGINFO, blocked
    SIGINT: UserHandler in libjvm.so, mask=11100100010111111101111111111110, flags=SA_RESTART|SA_SIGINFO, blocked
   SIGTERM: UserHandler in libjvm.so, mask=11100100010111111101111111111110, flags=SA_RESTART|SA_SIGINFO, blocked
   SIGQUIT: UserHandler in libjvm.so, mask=11100100010111111101111111111110, flags=SA_RESTART|SA_SIGINFO, blocked
   SIGTRAP: crash_handler in libjvm.so, mask=11100100010111111101111111111110, flags=SA_RESTART|SA_SIGINFO, unblocked


Periodic native trim disabled


---------------  S Y S T E M  ---------------

OS:
DISTRIB_ID="ManjaroLinux"
DISTRIB_RELEASE="25.0.8"
DISTRIB_CODENAME="Zetar"
DISTRIB_DESCRIPTION="Manjaro Linux"
uname: Linux 6.12.44-3-MANJARO #1 SMP PREEMPT_DYNAMIC Mon, 01 Sep 2025 23:07:10 +0000 x86_64
OS uptime: 0 days 14:14 hours
libc: glibc 2.42 NPTL 2.42 
rlimit (soft/hard): STACK 8192k/infinity , CORE infinity/infinity , NPROC 60868/60868 , NOFILE 524288/524288 , AS infinity/infinity , CPU infinity/infinity , DATA infinity/infinity , FSIZE infinity/infinity , MEMLOCK 8192k/8192k
load average: 2.09 2.31 2.36

/proc/meminfo:
MemTotal:       15724668 kB
MemFree:          235768 kB
MemAvailable:    2409776 kB
Buffers:           41648 kB
Cached:          1485624 kB
SwapCached:            0 kB
Active:          5200336 kB
Inactive:        8295384 kB
Active(anon):    3929428 kB
Inactive(anon):  7229928 kB
Active(file):    1270908 kB
Inactive(file):  1065456 kB
Unevictable:         764 kB
Mlocked:             764 kB
SwapTotal:             0 kB
SwapFree:              0 kB
Zswap:                 0 kB
Zswapped:              0 kB
Dirty:               148 kB
Writeback:             0 kB
AnonPages:      11424184 kB
Mapped:          1005684 kB
Shmem:            229368 kB
KReclaimable:     176348 kB
Slab:             375156 kB
SReclaimable:     176348 kB
SUnreclaim:       198808 kB
KernelStack:       39120 kB
PageTables:       104244 kB
SecPageTables:      4184 kB
NFS_Unstable:          0 kB
Bounce:                0 kB
WritebackTmp:          0 kB
CommitLimit:     7862332 kB
Committed_AS:   26415116 kB
VmallocTotal:   34359738367 kB
VmallocUsed:       85644 kB
VmallocChunk:          0 kB
Percpu:            10176 kB
HardwareCorrupted:     0 kB
AnonHugePages:   4829184 kB
ShmemHugePages:        0 kB
ShmemPmdMapped:        0 kB
FileHugePages:    372736 kB
FilePmdMapped:    366592 kB
CmaTotal:              0 kB
CmaFree:               0 kB
Unaccepted:            0 kB
HugePages_Total:       0
HugePages_Free:        0
HugePages_Rsvd:        0
HugePages_Surp:        0
Hugepagesize:       2048 kB
Hugetlb:               0 kB
DirectMap4k:     2707148 kB
DirectMap2M:    13412352 kB
DirectMap1G:     1048576 kB

/sys/kernel/mm/transparent_hugepage/enabled: [always] madvise never
/sys/kernel/mm/transparent_hugepage/hpage_pmd_size: 2097152
/sys/kernel/mm/transparent_hugepage/defrag (defrag/compaction efforts parameter): always defer defer+madvise [madvise] never

Process Memory:
Virtual Size: 7757968K (peak: 7820840K)
Resident Set Size: 136784K (peak: 176620K) (anon: 105140K, file: 31600K, shmem: 44K)
Swapped out: 0K
C-Heap outstanding allocations: 56853K, retained: 7154K
glibc malloc tunables: (default)

/proc/sys/kernel/threads-max (system-wide limit on the number of threads): 121737
/proc/sys/vm/max_map_count (maximum number of memory map areas a process may have): 1048576
/proc/sys/vm/swappiness (control to define how aggressively the kernel swaps out anonymous memory): 60
/proc/sys/kernel/pid_max (system-wide limit on number of process identifiers): 4194304

container information not found.
Steal ticks since vm start: 0
Steal ticks percentage since vm start:  0.000

CPU: total 12 (initial active 12) (12 cores per cpu, 2 threads per core) family 23 model 96 stepping 1 microcode 0x860010d, cx8, cmov, fxsr, ht, mmx, 3dnowpref, sse, sse2, sse3, ssse3, sse4a, sse4.1, sse4.2, popcnt, lzcnt, tsc, tscinvbit, avx, avx2, aes, clmul, bmi1, bmi2, adx, sha, fma, vzeroupper, clflush, clflushopt
CPU Model and flags from /proc/cpuinfo:
model name	: AMD Ryzen 5 4600H with Radeon Graphics
flags		: fpu vme de pse tsc msr pae mce cx8 apic sep mtrr pge mca cmov pat pse36 clflush mmx fxsr sse sse2 ht syscall nx mmxext fxsr_opt pdpe1gb rdtscp lm constant_tsc rep_good nopl xtopology nonstop_tsc cpuid extd_apicid aperfmperf rapl pni pclmulqdq monitor ssse3 fma cx16 sse4_1 sse4_2 movbe popcnt aes xsave avx f16c rdrand lahf_lm cmp_legacy svm extapic cr8_legacy abm sse4a misalignsse 3dnowprefetch osvw ibs skinit wdt tce topoext perfctr_core perfctr_nb bpext perfctr_llc mwaitx cpb cat_l3 cdp_l3 hw_pstate ssbd mba ibrs ibpb stibp vmmcall fsgsbase bmi1 avx2 smep bmi2 cqm rdt_a rdseed adx smap clflushopt clwb sha_ni xsaveopt xsavec xgetbv1 cqm_llc cqm_occup_llc cqm_mbm_total cqm_mbm_local clzero irperf xsaveerptr rdpru wbnoinvd cppc arat npt lbrv svm_lock nrip_save tsc_scale vmcb_clean flushbyasid decodeassists pausefilter pfthreshold avic v_vmsave_vmload vgif v_spec_ctrl umip rdpid overflow_recov succor smca

Online cpus: 0-11
Offline cpus: 
BIOS frequency limitation: 3000000
Frequency switch latency (ns): 0
Available cpu frequencies: 3000000 1700000 1400000 
Current governor: schedutil
Core performance/turbo boost: 1

Memory: 4k page, physical 15724668k(235768k free), swap 0k(0k free)
Page Sizes: 4k

vm_info: OpenJDK 64-Bit Server VM (17.0.14+7-LTS) for linux-amd64 JRE (17.0.14+7-LTS), built on Jan  7 2025 20:04:38 by "jenkins" with gcc 7.3.1 20180303 (Red Hat 7.3.1-5)

END.
